#! /c/Source/iverilog-install/bin/vvp
:ivl_version "12.0 (devel)" "(s20150603-1110-g18392a46)";
:ivl_delay_selection "TYPICAL";
:vpi_time_precision - 12;
:vpi_module "C:\iverilog\lib\ivl\system.vpi";
:vpi_module "C:\iverilog\lib\ivl\vhdl_sys.vpi";
:vpi_module "C:\iverilog\lib\ivl\vhdl_textio.vpi";
:vpi_module "C:\iverilog\lib\ivl\v2005_math.vpi";
:vpi_module "C:\iverilog\lib\ivl\va_math.vpi";
S_00000177e8d5bb50 .scope module, "direction_checker_tb" "direction_checker_tb" 2 4;
 .timescale -9 -12;
P_00000177e8db32a0 .param/l "FLOOR_WIDTH" 0 2 8, +C4<00000000000000000000000000000100>;
P_00000177e8db32d8 .param/l "NUM_FLOORS" 0 2 7, +C4<00000000000000000000000000001010>;
v00000177e8db2d70_0 .var "current_floor", 3 0;
v00000177e8db2e10_0 .var "floor_requests", 9 0;
v00000177e8db2eb0_0 .net "has_request_above", 0 0, v00000177e8db2b90_0;  1 drivers
v00000177e8db2f50_0 .net "has_request_below", 0 0, v00000177e8db2c30_0;  1 drivers
S_00000177e8d599b0 .scope module, "uut" "direction_checker" 2 22, 3 1 0, S_00000177e8d5bb50;
 .timescale -9 -12;
    .port_info 0 /INPUT 4 "current_floor";
    .port_info 1 /INPUT 10 "floor_requests";
    .port_info 2 /OUTPUT 1 "has_request_above";
    .port_info 3 /OUTPUT 1 "has_request_below";
P_00000177e8db3120 .param/l "FLOOR_WIDTH" 0 3 3, +C4<00000000000000000000000000000100>;
P_00000177e8db3158 .param/l "NUM_FLOORS" 0 3 2, +C4<00000000000000000000000000001010>;
v00000177e8d5d240_0 .net "current_floor", 3 0, v00000177e8db2d70_0;  1 drivers
v00000177e8db2af0_0 .net "floor_requests", 9 0, v00000177e8db2e10_0;  1 drivers
v00000177e8db2b90_0 .var "has_request_above", 0 0;
v00000177e8db2c30_0 .var "has_request_below", 0 0;
v00000177e8db2cd0_0 .var/i "i", 31 0;
E_00000177e8dd5d70 .event anyedge, v00000177e8d5d240_0, v00000177e8db2af0_0;
    .scope S_00000177e8d599b0;
T_0 ;
    %wait E_00000177e8dd5d70;
    %pushi/vec4 0, 0, 1;
    %store/vec4 v00000177e8db2b90_0, 0, 1;
    %pushi/vec4 0, 0, 1;
    %store/vec4 v00000177e8db2c30_0, 0, 1;
    %pushi/vec4 0, 0, 32;
    %store/vec4 v00000177e8db2cd0_0, 0, 32;
T_0.0 ;
    %load/vec4 v00000177e8db2cd0_0;
    %cmpi/s 10, 0, 32;
    %jmp/0xz T_0.1, 5;
    %load/vec4 v00000177e8d5d240_0;
    %pad/u 32;
    %load/vec4 v00000177e8db2cd0_0;
    %cmp/u;
    %flag_get/vec4 5;
    %load/vec4 v00000177e8db2af0_0;
    %load/vec4 v00000177e8db2cd0_0;
    %part/s 1;
    %and;
    %flag_set/vec4 8;
    %jmp/0xz  T_0.2, 8;
    %pushi/vec4 1, 0, 1;
    %store/vec4 v00000177e8db2b90_0, 0, 1;
T_0.2 ;
    %load/vec4 v00000177e8db2cd0_0;
    %load/vec4 v00000177e8d5d240_0;
    %pad/u 32;
    %cmp/u;
    %flag_get/vec4 5;
    %load/vec4 v00000177e8db2af0_0;
    %load/vec4 v00000177e8db2cd0_0;
    %part/s 1;
    %and;
    %flag_set/vec4 8;
    %jmp/0xz  T_0.4, 8;
    %pushi/vec4 1, 0, 1;
    %store/vec4 v00000177e8db2c30_0, 0, 1;
T_0.4 ;
    %load/vec4 v00000177e8db2cd0_0;
    %addi 1, 0, 32;
    %store/vec4 v00000177e8db2cd0_0, 0, 32;
    %jmp T_0.0;
T_0.1 ;
    %jmp T_0;
    .thread T_0, $push;
    .scope S_00000177e8d5bb50;
T_1 ;
    %vpi_call 2 32 "$dumpfile", "direction_checker_tb.vcd" {0 0 0};
    %vpi_call 2 33 "$dumpvars", 32'sb00000000000000000000000000000000, S_00000177e8d5bb50 {0 0 0};
    %vpi_call 2 35 "$display", "Time\011Floor\011Requests\011Above\011Below" {0 0 0};
    %pushi/vec4 5, 0, 4;
    %store/vec4 v00000177e8db2d70_0, 0, 4;
    %pushi/vec4 0, 0, 10;
    %store/vec4 v00000177e8db2e10_0, 0, 10;
    %delay 10000, 0;
    %vpi_call 2 40 "$display", "%0t\011%d\011%b\011%b\011%b", $time, v00000177e8db2d70_0, v00000177e8db2e10_0, v00000177e8db2eb0_0, v00000177e8db2f50_0 {0 0 0};
    %pushi/vec4 896, 0, 10;
    %store/vec4 v00000177e8db2e10_0, 0, 10;
    %delay 10000, 0;
    %vpi_call 2 44 "$display", "%0t\011%d\011%b\011%b\011%b", $time, v00000177e8db2d70_0, v00000177e8db2e10_0, v00000177e8db2eb0_0, v00000177e8db2f50_0 {0 0 0};
    %pushi/vec4 28, 0, 10;
    %store/vec4 v00000177e8db2e10_0, 0, 10;
    %delay 10000, 0;
    %vpi_call 2 48 "$display", "%0t\011%d\011%b\011%b\011%b", $time, v00000177e8db2d70_0, v00000177e8db2e10_0, v00000177e8db2eb0_0, v00000177e8db2f50_0 {0 0 0};
    %pushi/vec4 660, 0, 10;
    %store/vec4 v00000177e8db2e10_0, 0, 10;
    %delay 10000, 0;
    %vpi_call 2 52 "$display", "%0t\011%d\011%b\011%b\011%b", $time, v00000177e8db2d70_0, v00000177e8db2e10_0, v00000177e8db2eb0_0, v00000177e8db2f50_0 {0 0 0};
    %pushi/vec4 16, 0, 10;
    %store/vec4 v00000177e8db2e10_0, 0, 10;
    %delay 10000, 0;
    %vpi_call 2 56 "$display", "%0t\011%d\011%b\011%b\011%b", $time, v00000177e8db2d70_0, v00000177e8db2e10_0, v00000177e8db2eb0_0, v00000177e8db2f50_0 {0 0 0};
    %pushi/vec4 9, 0, 4;
    %store/vec4 v00000177e8db2d70_0, 0, 4;
    %pushi/vec4 511, 0, 10;
    %store/vec4 v00000177e8db2e10_0, 0, 10;
    %delay 10000, 0;
    %vpi_call 2 61 "$display", "%0t\011%d\011%b\011%b\011%b", $time, v00000177e8db2d70_0, v00000177e8db2e10_0, v00000177e8db2eb0_0, v00000177e8db2f50_0 {0 0 0};
    %pushi/vec4 0, 0, 4;
    %store/vec4 v00000177e8db2d70_0, 0, 4;
    %pushi/vec4 1022, 0, 10;
    %store/vec4 v00000177e8db2e10_0, 0, 10;
    %delay 10000, 0;
    %vpi_call 2 66 "$display", "%0t\011%d\011%b\011%b\011%b", $time, v00000177e8db2d70_0, v00000177e8db2e10_0, v00000177e8db2eb0_0, v00000177e8db2f50_0 {0 0 0};
    %vpi_call 2 68 "$finish" {0 0 0};
    %end;
    .thread T_1;
# The file index is used to find the file name in the following table.
:file_names 4;
    "N/A";
    "<interactive>";
    "DirectionCheckerTB.v";
    "./DirectionChecker.v";
