#! /c/Source/iverilog-install/bin/vvp
:ivl_version "12.0 (devel)" "(s20150603-1110-g18392a46)";
:ivl_delay_selection "TYPICAL";
:vpi_time_precision + 0;
:vpi_module "C:\iverilog\lib\ivl\system.vpi";
:vpi_module "C:\iverilog\lib\ivl\vhdl_sys.vpi";
:vpi_module "C:\iverilog\lib\ivl\vhdl_textio.vpi";
:vpi_module "C:\iverilog\lib\ivl\v2005_math.vpi";
:vpi_module "C:\iverilog\lib\ivl\va_math.vpi";
S_000001f6218fee50 .scope module, "elevator_fsm_top" "elevator_fsm_top" 2 7;
 .timescale 0 0;
    .port_info 0 /INPUT 1 "clk";
    .port_info 1 /INPUT 1 "reset";
    .port_info 2 /INPUT 1 "emergency_stop";
    .port_info 3 /INPUT 1 "overweight";
    .port_info 4 /INPUT 1 "door_obstruction";
    .port_info 5 /INPUT 10 "new_requests";
    .port_info 6 /INPUT 10 "floor_sensors";
    .port_info 7 /OUTPUT 10 "floor_requests";
    .port_info 8 /OUTPUT 4 "current_floor";
    .port_info 9 /OUTPUT 1 "moving_up";
    .port_info 10 /OUTPUT 1 "moving_down";
    .port_info 11 /OUTPUT 1 "door_open";
    .port_info 12 /OUTPUT 1 "pwm_out";
P_000001f621899110 .param/l "FLOOR_WIDTH" 0 2 9, +C4<00000000000000000000000000000100>;
P_000001f621899148 .param/l "NUM_FLOORS" 0 2 8, +C4<00000000000000000000000000001010>;
L_000001f6218f73e0 .functor BUFZ 10, v000001f621963c70_0, C4<0000000000>, C4<0000000000>, C4<0000000000>;
L_000001f621966d20 .functor BUFZ 4, v000001f62190c500_0, C4<0000>, C4<0000>, C4<0000>;
v000001f621963e50_0 .net "clear_request", 0 0, v000001f62190c6e0_0;  1 drivers
o000001f62190d1a8 .functor BUFZ 1, C4<z>; HiZ drive
v000001f621964f30_0 .net "clk", 0 0, o000001f62190d1a8;  0 drivers
v000001f621963f90_0 .net "current_floor", 3 0, L_000001f621966d20;  1 drivers
o000001f62190d1d8 .functor BUFZ 1, C4<z>; HiZ drive
v000001f6219645d0_0 .net "door_obstruction", 0 0, o000001f62190d1d8;  0 drivers
v000001f621964b70_0 .net "door_open", 0 0, v000001f62190c320_0;  1 drivers
o000001f62190d238 .functor BUFZ 1, C4<z>; HiZ drive
v000001f621963950_0 .net "emergency_stop", 0 0, o000001f62190d238;  0 drivers
v000001f621963270_0 .net "floor", 3 0, v000001f62190c500_0;  1 drivers
v000001f621963310_0 .net "floor_requests", 9 0, L_000001f6218f73e0;  1 drivers
o000001f62190d688 .functor BUFZ 10, C4<zzzzzzzzzz>; HiZ drive
v000001f6219642b0_0 .net "floor_sensors", 9 0, o000001f62190d688;  0 drivers
v000001f621964fd0_0 .net "has_above", 0 0, v000001f62190c1e0_0;  1 drivers
v000001f621964cb0_0 .net "has_below", 0 0, v000001f62190c000_0;  1 drivers
v000001f621963590_0 .net "moving_down", 0 0, v000001f62190caa0_0;  1 drivers
v000001f621964a30_0 .net "moving_up", 0 0, v000001f62190c3c0_0;  1 drivers
o000001f62190d748 .functor BUFZ 10, C4<zzzzzzzzzz>; HiZ drive
v000001f621964d50_0 .net "new_requests", 9 0, o000001f62190d748;  0 drivers
o000001f62190d2f8 .functor BUFZ 1, C4<z>; HiZ drive
v000001f621964df0_0 .net "overweight", 0 0, o000001f62190d2f8;  0 drivers
v000001f621964990_0 .net "pwm_duty", 7 0, v000001f62190cd20_0;  1 drivers
v000001f621963130_0 .net "pwm_out", 0 0, v000001f621964710_0;  1 drivers
v000001f6219631d0_0 .net "reqs", 9 0, v000001f621963c70_0;  1 drivers
o000001f62190d358 .functor BUFZ 1, C4<z>; HiZ drive
v000001f621963bd0_0 .net "reset", 0 0, o000001f62190d358;  0 drivers
S_000001f6218fefe0 .scope module, "checker" "direction_checker" 2 50, 3 1 0, S_000001f6218fee50;
 .timescale 0 0;
    .port_info 0 /INPUT 4 "current_floor";
    .port_info 1 /INPUT 10 "floor_requests";
    .port_info 2 /OUTPUT 1 "has_request_above";
    .port_info 3 /OUTPUT 1 "has_request_below";
P_000001f621898a10 .param/l "FLOOR_WIDTH" 0 3 3, +C4<00000000000000000000000000000100>;
P_000001f621898a48 .param/l "NUM_FLOORS" 0 3 2, +C4<00000000000000000000000000001010>;
v000001f62190c780_0 .net "current_floor", 3 0, v000001f62190c500_0;  alias, 1 drivers
v000001f62190cf00_0 .net "floor_requests", 9 0, v000001f621963c70_0;  alias, 1 drivers
v000001f62190c1e0_0 .var "has_request_above", 0 0;
v000001f62190c000_0 .var "has_request_below", 0 0;
v000001f62190c280_0 .var/i "i", 31 0;
E_000001f6218dd1f0 .event anyedge, v000001f62190c780_0, v000001f62190cf00_0;
S_000001f6218ff170 .scope module, "controller" "fsm_controller" 2 57, 4 2 0, S_000001f6218fee50;
 .timescale 0 0;
    .port_info 0 /INPUT 1 "clk";
    .port_info 1 /INPUT 1 "reset";
    .port_info 2 /INPUT 1 "emergency_stop";
    .port_info 3 /INPUT 1 "overweight";
    .port_info 4 /INPUT 1 "door_obstruction";
    .port_info 5 /INPUT 4 "current_floor";
    .port_info 6 /INPUT 10 "floor_requests";
    .port_info 7 /INPUT 1 "has_request_above";
    .port_info 8 /INPUT 1 "has_request_below";
    .port_info 9 /OUTPUT 1 "moving_up";
    .port_info 10 /OUTPUT 1 "moving_down";
    .port_info 11 /OUTPUT 1 "door_open";
    .port_info 12 /OUTPUT 1 "clear_current_request";
    .port_info 13 /OUTPUT 8 "pwm_duty";
P_000001f62189d250 .param/l "CHECK_REQUEST" 1 4 28, C4<0001>;
P_000001f62189d288 .param/l "CLOSE_DOOR" 1 4 33, C4<0110>;
P_000001f62189d2c0 .param/l "DOOR_OPEN_TIME" 1 4 37, C4<00110010>;
P_000001f62189d2f8 .param/l "DOOR_WAIT" 1 4 32, C4<0101>;
P_000001f62189d330 .param/l "EMERGENCY_STOP" 1 4 34, C4<0111>;
P_000001f62189d368 .param/l "FLOOR_WIDTH" 0 4 4, +C4<00000000000000000000000000000100>;
P_000001f62189d3a0 .param/l "IDLE" 1 4 27, C4<0000>;
P_000001f62189d3d8 .param/l "MOVE_DOWN" 1 4 30, C4<0011>;
P_000001f62189d410 .param/l "MOVE_UP" 1 4 29, C4<0010>;
P_000001f62189d448 .param/l "NUM_FLOORS" 0 4 3, +C4<00000000000000000000000000001010>;
P_000001f62189d480 .param/l "OPEN_DOOR" 1 4 31, C4<0100>;
P_000001f62189d4b8 .param/l "WAIT_FOR_WEIGHT" 1 4 35, C4<1000>;
v000001f62190c6e0_0 .var "clear_current_request", 0 0;
v000001f62190c140_0 .net "clk", 0 0, o000001f62190d1a8;  alias, 0 drivers
v000001f62190c5a0_0 .net "current_floor", 3 0, v000001f62190c500_0;  alias, 1 drivers
v000001f62190c640_0 .net "door_obstruction", 0 0, o000001f62190d1d8;  alias, 0 drivers
v000001f62190c320_0 .var "door_open", 0 0;
v000001f62190ca00_0 .net "emergency_stop", 0 0, o000001f62190d238;  alias, 0 drivers
v000001f62190cb40_0 .net "floor_requests", 9 0, v000001f621963c70_0;  alias, 1 drivers
v000001f62190c960_0 .net "has_request_above", 0 0, v000001f62190c1e0_0;  alias, 1 drivers
v000001f62190ce60_0 .net "has_request_below", 0 0, v000001f62190c000_0;  alias, 1 drivers
v000001f62190caa0_0 .var "moving_down", 0 0;
v000001f62190c3c0_0 .var "moving_up", 0 0;
v000001f62190c460_0 .var "next_state", 3 0;
v000001f62190c820_0 .net "overweight", 0 0, o000001f62190d2f8;  alias, 0 drivers
v000001f62190cd20_0 .var "pwm_duty", 7 0;
v000001f62190cdc0_0 .net "reset", 0 0, o000001f62190d358;  alias, 0 drivers
v000001f62190cbe0_0 .var "state", 3 0;
v000001f62190c0a0_0 .var "timer", 7 0;
E_000001f6218dcb70/0 .event anyedge, v000001f62190cbe0_0, v000001f62190ca00_0, v000001f62190cf00_0, v000001f62190c780_0;
E_000001f6218dcb70/1 .event anyedge, v000001f62190c1e0_0, v000001f62190c000_0, v000001f62190c820_0, v000001f62190c640_0;
E_000001f6218dcb70/2 .event anyedge, v000001f62190c0a0_0;
E_000001f6218dcb70 .event/or E_000001f6218dcb70/0, E_000001f6218dcb70/1, E_000001f6218dcb70/2;
E_000001f6218dc970 .event anyedge, v000001f62190cbe0_0;
E_000001f6218dcbb0 .event posedge, v000001f62190cdc0_0, v000001f62190c140_0;
S_000001f621902440 .scope module, "detector" "floor_position_detector" 2 36, 5 1 0, S_000001f6218fee50;
 .timescale 0 0;
    .port_info 0 /INPUT 10 "floor_sensors";
    .port_info 1 /OUTPUT 4 "current_floor";
P_000001f621898990 .param/l "FLOOR_WIDTH" 0 5 3, +C4<00000000000000000000000000000100>;
P_000001f6218989c8 .param/l "NUM_FLOORS" 0 5 2, +C4<00000000000000000000000000001010>;
v000001f62190c500_0 .var "current_floor", 3 0;
v000001f62190cc80_0 .net "floor_sensors", 9 0, o000001f62190d688;  alias, 0 drivers
v000001f62190c8c0_0 .var/i "i", 31 0;
E_000001f6218dc4f0 .event anyedge, v000001f62190cc80_0;
S_000001f6219025d0 .scope module, "handler" "request_handler" 2 41, 6 1 0, S_000001f6218fee50;
 .timescale 0 0;
    .port_info 0 /INPUT 1 "clk";
    .port_info 1 /INPUT 1 "reset";
    .port_info 2 /INPUT 10 "new_requests";
    .port_info 3 /INPUT 4 "current_floor";
    .port_info 4 /INPUT 1 "clear_current_request";
    .port_info 5 /OUTPUT 10 "floor_requests";
P_000001f621898c90 .param/l "FLOOR_WIDTH" 0 6 3, +C4<00000000000000000000000000000100>;
P_000001f621898cc8 .param/l "NUM_FLOORS" 0 6 2, +C4<00000000000000000000000000001010>;
v000001f6219633b0_0 .net "clear_current_request", 0 0, v000001f62190c6e0_0;  alias, 1 drivers
v000001f621963450_0 .net "clk", 0 0, o000001f62190d1a8;  alias, 0 drivers
v000001f621963ef0_0 .net "current_floor", 3 0, v000001f62190c500_0;  alias, 1 drivers
v000001f621963c70_0 .var "floor_requests", 9 0;
v000001f621964e90_0 .net "new_requests", 9 0, o000001f62190d748;  alias, 0 drivers
v000001f621964030_0 .net "reset", 0 0, o000001f62190d358;  alias, 0 drivers
S_000001f621902760 .scope module, "pwm_unit" "pwm_generator" 2 74, 7 1 0, S_000001f6218fee50;
 .timescale 0 0;
    .port_info 0 /INPUT 1 "clk";
    .port_info 1 /INPUT 1 "reset";
    .port_info 2 /INPUT 8 "duty_cycle";
    .port_info 3 /OUTPUT 1 "pwm_out";
v000001f6219640d0_0 .net "clk", 0 0, o000001f62190d1a8;  alias, 0 drivers
v000001f621964ad0_0 .var "counter", 7 0;
v000001f621963db0_0 .net "duty_cycle", 7 0, v000001f62190cd20_0;  alias, 1 drivers
v000001f621964710_0 .var "pwm_out", 0 0;
v000001f621964c10_0 .net "reset", 0 0, o000001f62190d358;  alias, 0 drivers
    .scope S_000001f621902440;
T_0 ;
    %wait E_000001f6218dc4f0;
    %pushi/vec4 0, 0, 4;
    %store/vec4 v000001f62190c500_0, 0, 4;
    %pushi/vec4 0, 0, 32;
    %store/vec4 v000001f62190c8c0_0, 0, 32;
T_0.0 ;
    %load/vec4 v000001f62190c8c0_0;
    %cmpi/s 10, 0, 32;
    %jmp/0xz T_0.1, 5;
    %load/vec4 v000001f62190cc80_0;
    %load/vec4 v000001f62190c8c0_0;
    %part/s 1;
    %flag_set/vec4 8;
    %jmp/0xz  T_0.2, 8;
    %load/vec4 v000001f62190c8c0_0;
    %parti/s 4, 0, 2;
    %store/vec4 v000001f62190c500_0, 0, 4;
T_0.2 ;
    %load/vec4 v000001f62190c8c0_0;
    %addi 1, 0, 32;
    %store/vec4 v000001f62190c8c0_0, 0, 32;
    %jmp T_0.0;
T_0.1 ;
    %jmp T_0;
    .thread T_0, $push;
    .scope S_000001f6219025d0;
T_1 ;
    %wait E_000001f6218dcbb0;
    %load/vec4 v000001f621964030_0;
    %flag_set/vec4 8;
    %jmp/0xz  T_1.0, 8;
    %pushi/vec4 0, 0, 10;
    %assign/vec4 v000001f621963c70_0, 0;
    %jmp T_1.1;
T_1.0 ;
    %load/vec4 v000001f621963c70_0;
    %load/vec4 v000001f621964e90_0;
    %or;
    %assign/vec4 v000001f621963c70_0, 0;
    %load/vec4 v000001f6219633b0_0;
    %flag_set/vec4 8;
    %jmp/0xz  T_1.2, 8;
    %pushi/vec4 0, 0, 1;
    %ix/load 5, 0, 0;
    %ix/getv 4, v000001f621963ef0_0;
    %assign/vec4/off/d v000001f621963c70_0, 4, 5;
T_1.2 ;
T_1.1 ;
    %jmp T_1;
    .thread T_1;
    .scope S_000001f6218fefe0;
T_2 ;
    %wait E_000001f6218dd1f0;
    %pushi/vec4 0, 0, 1;
    %store/vec4 v000001f62190c1e0_0, 0, 1;
    %pushi/vec4 0, 0, 1;
    %store/vec4 v000001f62190c000_0, 0, 1;
    %pushi/vec4 0, 0, 32;
    %store/vec4 v000001f62190c280_0, 0, 32;
T_2.0 ;
    %load/vec4 v000001f62190c280_0;
    %cmpi/s 10, 0, 32;
    %jmp/0xz T_2.1, 5;
    %load/vec4 v000001f62190c780_0;
    %pad/u 32;
    %load/vec4 v000001f62190c280_0;
    %cmp/u;
    %flag_get/vec4 5;
    %load/vec4 v000001f62190cf00_0;
    %load/vec4 v000001f62190c280_0;
    %part/s 1;
    %and;
    %flag_set/vec4 8;
    %jmp/0xz  T_2.2, 8;
    %pushi/vec4 1, 0, 1;
    %store/vec4 v000001f62190c1e0_0, 0, 1;
T_2.2 ;
    %load/vec4 v000001f62190c280_0;
    %load/vec4 v000001f62190c780_0;
    %pad/u 32;
    %cmp/u;
    %flag_get/vec4 5;
    %load/vec4 v000001f62190cf00_0;
    %load/vec4 v000001f62190c280_0;
    %part/s 1;
    %and;
    %flag_set/vec4 8;
    %jmp/0xz  T_2.4, 8;
    %pushi/vec4 1, 0, 1;
    %store/vec4 v000001f62190c000_0, 0, 1;
T_2.4 ;
    %load/vec4 v000001f62190c280_0;
    %addi 1, 0, 32;
    %store/vec4 v000001f62190c280_0, 0, 32;
    %jmp T_2.0;
T_2.1 ;
    %jmp T_2;
    .thread T_2, $push;
    .scope S_000001f6218ff170;
T_3 ;
    %wait E_000001f6218dcbb0;
    %load/vec4 v000001f62190cdc0_0;
    %flag_set/vec4 8;
    %jmp/0xz  T_3.0, 8;
    %pushi/vec4 0, 0, 4;
    %assign/vec4 v000001f62190cbe0_0, 0;
    %jmp T_3.1;
T_3.0 ;
    %load/vec4 v000001f62190c460_0;
    %assign/vec4 v000001f62190cbe0_0, 0;
T_3.1 ;
    %jmp T_3;
    .thread T_3;
    .scope S_000001f6218ff170;
T_4 ;
    %wait E_000001f6218dcbb0;
    %load/vec4 v000001f62190cdc0_0;
    %flag_set/vec4 8;
    %jmp/0xz  T_4.0, 8;
    %pushi/vec4 0, 0, 8;
    %assign/vec4 v000001f62190c0a0_0, 0;
    %jmp T_4.1;
T_4.0 ;
    %load/vec4 v000001f62190cbe0_0;
    %cmpi/e 5, 0, 4;
    %jmp/0xz  T_4.2, 4;
    %load/vec4 v000001f62190c0a0_0;
    %addi 1, 0, 8;
    %assign/vec4 v000001f62190c0a0_0, 0;
    %jmp T_4.3;
T_4.2 ;
    %pushi/vec4 0, 0, 8;
    %assign/vec4 v000001f62190c0a0_0, 0;
T_4.3 ;
T_4.1 ;
    %jmp T_4;
    .thread T_4;
    .scope S_000001f6218ff170;
T_5 ;
    %wait E_000001f6218dc970;
    %pushi/vec4 0, 0, 1;
    %store/vec4 v000001f62190c3c0_0, 0, 1;
    %pushi/vec4 0, 0, 1;
    %store/vec4 v000001f62190caa0_0, 0, 1;
    %pushi/vec4 0, 0, 1;
    %store/vec4 v000001f62190c320_0, 0, 1;
    %pushi/vec4 0, 0, 1;
    %store/vec4 v000001f62190c6e0_0, 0, 1;
    %pushi/vec4 0, 0, 8;
    %store/vec4 v000001f62190cd20_0, 0, 8;
    %load/vec4 v000001f62190cbe0_0;
    %dup/vec4;
    %pushi/vec4 2, 0, 4;
    %cmp/u;
    %jmp/1 T_5.0, 6;
    %dup/vec4;
    %pushi/vec4 3, 0, 4;
    %cmp/u;
    %jmp/1 T_5.1, 6;
    %dup/vec4;
    %pushi/vec4 4, 0, 4;
    %cmp/u;
    %jmp/1 T_5.2, 6;
    %dup/vec4;
    %pushi/vec4 5, 0, 4;
    %cmp/u;
    %jmp/1 T_5.3, 6;
    %dup/vec4;
    %pushi/vec4 7, 0, 4;
    %cmp/u;
    %jmp/1 T_5.4, 6;
    %jmp T_5.5;
T_5.0 ;
    %pushi/vec4 1, 0, 1;
    %store/vec4 v000001f62190c3c0_0, 0, 1;
    %pushi/vec4 180, 0, 8;
    %store/vec4 v000001f62190cd20_0, 0, 8;
    %jmp T_5.5;
T_5.1 ;
    %pushi/vec4 1, 0, 1;
    %store/vec4 v000001f62190caa0_0, 0, 1;
    %pushi/vec4 180, 0, 8;
    %store/vec4 v000001f62190cd20_0, 0, 8;
    %jmp T_5.5;
T_5.2 ;
    %pushi/vec4 1, 0, 1;
    %store/vec4 v000001f62190c320_0, 0, 1;
    %pushi/vec4 1, 0, 1;
    %store/vec4 v000001f62190c6e0_0, 0, 1;
    %jmp T_5.5;
T_5.3 ;
    %pushi/vec4 1, 0, 1;
    %store/vec4 v000001f62190c320_0, 0, 1;
    %jmp T_5.5;
T_5.4 ;
    %pushi/vec4 1, 0, 1;
    %store/vec4 v000001f62190c320_0, 0, 1;
    %jmp T_5.5;
T_5.5 ;
    %pop/vec4 1;
    %jmp T_5;
    .thread T_5, $push;
    .scope S_000001f6218ff170;
T_6 ;
    %wait E_000001f6218dcb70;
    %load/vec4 v000001f62190cbe0_0;
    %store/vec4 v000001f62190c460_0, 0, 4;
    %load/vec4 v000001f62190cbe0_0;
    %dup/vec4;
    %pushi/vec4 0, 0, 4;
    %cmp/u;
    %jmp/1 T_6.0, 6;
    %dup/vec4;
    %pushi/vec4 1, 0, 4;
    %cmp/u;
    %jmp/1 T_6.1, 6;
    %dup/vec4;
    %pushi/vec4 2, 0, 4;
    %cmp/u;
    %jmp/1 T_6.2, 6;
    %dup/vec4;
    %pushi/vec4 3, 0, 4;
    %cmp/u;
    %jmp/1 T_6.3, 6;
    %dup/vec4;
    %pushi/vec4 4, 0, 4;
    %cmp/u;
    %jmp/1 T_6.4, 6;
    %dup/vec4;
    %pushi/vec4 5, 0, 4;
    %cmp/u;
    %jmp/1 T_6.5, 6;
    %dup/vec4;
    %pushi/vec4 6, 0, 4;
    %cmp/u;
    %jmp/1 T_6.6, 6;
    %dup/vec4;
    %pushi/vec4 8, 0, 4;
    %cmp/u;
    %jmp/1 T_6.7, 6;
    %dup/vec4;
    %pushi/vec4 7, 0, 4;
    %cmp/u;
    %jmp/1 T_6.8, 6;
    %jmp T_6.9;
T_6.0 ;
    %load/vec4 v000001f62190ca00_0;
    %flag_set/vec4 8;
    %jmp/0xz  T_6.10, 8;
    %pushi/vec4 7, 0, 4;
    %store/vec4 v000001f62190c460_0, 0, 4;
    %jmp T_6.11;
T_6.10 ;
    %load/vec4 v000001f62190cb40_0;
    %pad/u 32;
    %cmpi/ne 0, 0, 32;
    %jmp/0xz  T_6.12, 4;
    %pushi/vec4 1, 0, 4;
    %store/vec4 v000001f62190c460_0, 0, 4;
T_6.12 ;
T_6.11 ;
    %jmp T_6.9;
T_6.1 ;
    %load/vec4 v000001f62190ca00_0;
    %flag_set/vec4 8;
    %jmp/0xz  T_6.14, 8;
    %pushi/vec4 7, 0, 4;
    %store/vec4 v000001f62190c460_0, 0, 4;
    %jmp T_6.15;
T_6.14 ;
    %load/vec4 v000001f62190cb40_0;
    %load/vec4 v000001f62190c5a0_0;
    %part/u 1;
    %flag_set/vec4 8;
    %jmp/0xz  T_6.16, 8;
    %pushi/vec4 4, 0, 4;
    %store/vec4 v000001f62190c460_0, 0, 4;
    %jmp T_6.17;
T_6.16 ;
    %load/vec4 v000001f62190c960_0;
    %flag_set/vec4 8;
    %jmp/0xz  T_6.18, 8;
    %pushi/vec4 2, 0, 4;
    %store/vec4 v000001f62190c460_0, 0, 4;
    %jmp T_6.19;
T_6.18 ;
    %load/vec4 v000001f62190ce60_0;
    %flag_set/vec4 8;
    %jmp/0xz  T_6.20, 8;
    %pushi/vec4 3, 0, 4;
    %store/vec4 v000001f62190c460_0, 0, 4;
    %jmp T_6.21;
T_6.20 ;
    %pushi/vec4 0, 0, 4;
    %store/vec4 v000001f62190c460_0, 0, 4;
T_6.21 ;
T_6.19 ;
T_6.17 ;
T_6.15 ;
    %jmp T_6.9;
T_6.2 ;
    %load/vec4 v000001f62190ca00_0;
    %flag_set/vec4 8;
    %jmp/0xz  T_6.22, 8;
    %pushi/vec4 7, 0, 4;
    %store/vec4 v000001f62190c460_0, 0, 4;
    %jmp T_6.23;
T_6.22 ;
    %load/vec4 v000001f62190c820_0;
    %flag_set/vec4 8;
    %jmp/0xz  T_6.24, 8;
    %pushi/vec4 8, 0, 4;
    %store/vec4 v000001f62190c460_0, 0, 4;
    %jmp T_6.25;
T_6.24 ;
    %load/vec4 v000001f62190cb40_0;
    %load/vec4 v000001f62190c5a0_0;
    %part/u 1;
    %flag_set/vec4 8;
    %jmp/0xz  T_6.26, 8;
    %pushi/vec4 4, 0, 4;
    %store/vec4 v000001f62190c460_0, 0, 4;
T_6.26 ;
T_6.25 ;
T_6.23 ;
    %jmp T_6.9;
T_6.3 ;
    %load/vec4 v000001f62190ca00_0;
    %flag_set/vec4 8;
    %jmp/0xz  T_6.28, 8;
    %pushi/vec4 7, 0, 4;
    %store/vec4 v000001f62190c460_0, 0, 4;
    %jmp T_6.29;
T_6.28 ;
    %load/vec4 v000001f62190c820_0;
    %flag_set/vec4 8;
    %jmp/0xz  T_6.30, 8;
    %pushi/vec4 8, 0, 4;
    %store/vec4 v000001f62190c460_0, 0, 4;
    %jmp T_6.31;
T_6.30 ;
    %load/vec4 v000001f62190cb40_0;
    %load/vec4 v000001f62190c5a0_0;
    %part/u 1;
    %flag_set/vec4 8;
    %jmp/0xz  T_6.32, 8;
    %pushi/vec4 4, 0, 4;
    %store/vec4 v000001f62190c460_0, 0, 4;
T_6.32 ;
T_6.31 ;
T_6.29 ;
    %jmp T_6.9;
T_6.4 ;
    %pushi/vec4 5, 0, 4;
    %store/vec4 v000001f62190c460_0, 0, 4;
    %jmp T_6.9;
T_6.5 ;
    %load/vec4 v000001f62190c640_0;
    %flag_set/vec4 8;
    %jmp/0xz  T_6.34, 8;
    %pushi/vec4 5, 0, 4;
    %store/vec4 v000001f62190c460_0, 0, 4;
    %jmp T_6.35;
T_6.34 ;
    %load/vec4 v000001f62190c0a0_0;
    %cmpi/u 50, 0, 8;
    %flag_inv 5; GE is !LT
    %jmp/0xz  T_6.36, 5;
    %pushi/vec4 6, 0, 4;
    %store/vec4 v000001f62190c460_0, 0, 4;
T_6.36 ;
T_6.35 ;
    %jmp T_6.9;
T_6.6 ;
    %load/vec4 v000001f62190c820_0;
    %flag_set/vec4 8;
    %jmp/0xz  T_6.38, 8;
    %pushi/vec4 8, 0, 4;
    %store/vec4 v000001f62190c460_0, 0, 4;
    %jmp T_6.39;
T_6.38 ;
    %pushi/vec4 1, 0, 4;
    %store/vec4 v000001f62190c460_0, 0, 4;
T_6.39 ;
    %jmp T_6.9;
T_6.7 ;
    %load/vec4 v000001f62190c820_0;
    %nor/r;
    %flag_set/vec4 8;
    %jmp/0xz  T_6.40, 8;
    %pushi/vec4 1, 0, 4;
    %store/vec4 v000001f62190c460_0, 0, 4;
T_6.40 ;
    %jmp T_6.9;
T_6.8 ;
    %load/vec4 v000001f62190ca00_0;
    %nor/r;
    %flag_set/vec4 8;
    %jmp/0xz  T_6.42, 8;
    %pushi/vec4 0, 0, 4;
    %store/vec4 v000001f62190c460_0, 0, 4;
T_6.42 ;
    %jmp T_6.9;
T_6.9 ;
    %pop/vec4 1;
    %jmp T_6;
    .thread T_6, $push;
    .scope S_000001f621902760;
T_7 ;
    %wait E_000001f6218dcbb0;
    %load/vec4 v000001f621964c10_0;
    %flag_set/vec4 8;
    %jmp/0xz  T_7.0, 8;
    %pushi/vec4 0, 0, 8;
    %assign/vec4 v000001f621964ad0_0, 0;
    %jmp T_7.1;
T_7.0 ;
    %load/vec4 v000001f621964ad0_0;
    %addi 1, 0, 8;
    %assign/vec4 v000001f621964ad0_0, 0;
T_7.1 ;
    %jmp T_7;
    .thread T_7;
    .scope S_000001f621902760;
T_8 ;
    %wait E_000001f6218dcbb0;
    %load/vec4 v000001f621964c10_0;
    %flag_set/vec4 8;
    %jmp/0xz  T_8.0, 8;
    %pushi/vec4 0, 0, 1;
    %assign/vec4 v000001f621964710_0, 0;
    %jmp T_8.1;
T_8.0 ;
    %load/vec4 v000001f621964ad0_0;
    %load/vec4 v000001f621963db0_0;
    %cmp/u;
    %flag_get/vec4 5;
    %assign/vec4 v000001f621964710_0, 0;
T_8.1 ;
    %jmp T_8;
    .thread T_8;
# The file index is used to find the file name in the following table.
:file_names 8;
    "N/A";
    "<interactive>";
    "elevator_fsm_top.v";
    "./DirectionChecker.v";
    "./FSM_Controller.v";
    "./FloorPositionDetector.v";
    "./requestHandler.v";
    "./PwmGenerator.v";
