#! /c/Source/iverilog-install/bin/vvp
:ivl_version "12.0 (devel)" "(s20150603-1110-g18392a46)";
:ivl_delay_selection "TYPICAL";
:vpi_time_precision - 12;
:vpi_module "C:\iverilog\lib\ivl\system.vpi";
:vpi_module "C:\iverilog\lib\ivl\vhdl_sys.vpi";
:vpi_module "C:\iverilog\lib\ivl\vhdl_textio.vpi";
:vpi_module "C:\iverilog\lib\ivl\v2005_math.vpi";
:vpi_module "C:\iverilog\lib\ivl\va_math.vpi";
S_000001fc80085b20 .scope module, "elevator_fsm_top_tb" "elevator_fsm_top_tb" 2 4;
 .timescale -9 -12;
P_000001fcfffd8610 .param/l "FLOOR_WIDTH" 0 2 7, +C4<00000000000000000000000000000100>;
P_000001fcfffd8648 .param/l "NUM_FLOORS" 0 2 6, +C4<00000000000000000000000000001010>;
v000001fc800e6ae0_0 .var "clk", 0 0;
v000001fc800e7d00_0 .net "current_floor", 3 0, L_000001fc8008bbf0;  1 drivers
v000001fc800e6b80_0 .var "door_obstruction", 0 0;
v000001fc800e73a0_0 .net "door_open", 0 0, v000001fc80084ca0_0;  1 drivers
v000001fc800e6ea0_0 .var "emergency_stop", 0 0;
v000001fc800e6c20_0 .net "floor_requests", 9 0, L_000001fc8008be20;  1 drivers
v000001fc800e7760_0 .var "floor_sensors", 9 0;
v000001fc800e6f40_0 .net "moving_down", 0 0, v000001fc800856a0_0;  1 drivers
v000001fc800e6fe0_0 .net "moving_up", 0 0, v000001fc80084d40_0;  1 drivers
v000001fc800e6040_0 .var "new_requests", 9 0;
v000001fc800e74e0_0 .var "overweight", 0 0;
v000001fc800e60e0_0 .net "pwm_out", 0 0, v000001fc800e6cc0_0;  1 drivers
v000001fc800e6180_0 .var "reset", 0 0;
E_000001fc8008d4a0 .event posedge, v000001fc80085240_0;
S_000001fc80088050 .scope module, "dut" "elevator_fsm_top" 2 28, 3 7 0, S_000001fc80085b20;
 .timescale -9 -12;
    .port_info 0 /INPUT 1 "clk";
    .port_info 1 /INPUT 1 "reset";
    .port_info 2 /INPUT 1 "emergency_stop";
    .port_info 3 /INPUT 1 "overweight";
    .port_info 4 /INPUT 1 "door_obstruction";
    .port_info 5 /INPUT 10 "new_requests";
    .port_info 6 /INPUT 10 "floor_sensors";
    .port_info 7 /OUTPUT 10 "floor_requests";
    .port_info 8 /OUTPUT 4 "current_floor";
    .port_info 9 /OUTPUT 1 "moving_up";
    .port_info 10 /OUTPUT 1 "moving_down";
    .port_info 11 /OUTPUT 1 "door_open";
    .port_info 12 /OUTPUT 1 "pwm_out";
P_000001fcfffd8890 .param/l "FLOOR_WIDTH" 0 3 9, +C4<00000000000000000000000000000100>;
P_000001fcfffd88c8 .param/l "NUM_FLOORS" 0 3 8, +C4<00000000000000000000000000001010>;
L_000001fc8008be20 .functor BUFZ 10, v000001fc800e71c0_0, C4<0000000000>, C4<0000000000>, C4<0000000000>;
L_000001fc8008bbf0 .functor BUFZ 4, v000001fc800854c0_0, C4<0000>, C4<0000>, C4<0000>;
v000001fc800e6860_0 .net "clear_request", 0 0, v000001fc800851a0_0;  1 drivers
v000001fc800e7080_0 .net "clk", 0 0, v000001fc800e6ae0_0;  1 drivers
v000001fc800e7e40_0 .net "current_floor", 3 0, L_000001fc8008bbf0;  alias, 1 drivers
v000001fc800e5fa0_0 .net "door_obstruction", 0 0, v000001fc800e6b80_0;  1 drivers
v000001fc800e6220_0 .net "door_open", 0 0, v000001fc80084ca0_0;  alias, 1 drivers
v000001fc800e65e0_0 .net "emergency_stop", 0 0, v000001fc800e6ea0_0;  1 drivers
v000001fc800e6720_0 .net "floor", 3 0, v000001fc800854c0_0;  1 drivers
v000001fc800e6400_0 .net "floor_requests", 9 0, L_000001fc8008be20;  alias, 1 drivers
v000001fc800e7940_0 .net "floor_sensors", 9 0, v000001fc800e7760_0;  1 drivers
v000001fc800e7120_0 .net "has_above", 0 0, v000001fc80084b60_0;  1 drivers
v000001fc800e7580_0 .net "has_below", 0 0, v000001fc80085560_0;  1 drivers
v000001fc800e7c60_0 .net "moving_down", 0 0, v000001fc800856a0_0;  alias, 1 drivers
v000001fc800e64a0_0 .net "moving_up", 0 0, v000001fc80084d40_0;  alias, 1 drivers
v000001fc800e6680_0 .net "new_requests", 9 0, v000001fc800e6040_0;  1 drivers
v000001fc800e6900_0 .net "overweight", 0 0, v000001fc800e74e0_0;  1 drivers
v000001fc800e7260_0 .net "pwm_duty", 7 0, v000001fc80085a60_0;  1 drivers
v000001fc800e69a0_0 .net "pwm_out", 0 0, v000001fc800e6cc0_0;  alias, 1 drivers
v000001fc800e7440_0 .net "reqs", 9 0, v000001fc800e71c0_0;  1 drivers
v000001fc800e6a40_0 .net "reset", 0 0, v000001fc800e6180_0;  1 drivers
S_000001fc800881e0 .scope module, "checker" "direction_checker" 3 50, 4 1 0, S_000001fc80088050;
 .timescale -9 -12;
    .port_info 0 /INPUT 4 "current_floor";
    .port_info 1 /INPUT 10 "floor_requests";
    .port_info 2 /OUTPUT 1 "has_request_above";
    .port_info 3 /OUTPUT 1 "has_request_below";
P_000001fcfffd8690 .param/l "FLOOR_WIDTH" 0 4 3, +C4<00000000000000000000000000000100>;
P_000001fcfffd86c8 .param/l "NUM_FLOORS" 0 4 2, +C4<00000000000000000000000000001010>;
v000001fc800857e0_0 .net "current_floor", 3 0, v000001fc800854c0_0;  alias, 1 drivers
v000001fc80085100_0 .net "floor_requests", 9 0, v000001fc800e71c0_0;  alias, 1 drivers
v000001fc80084b60_0 .var "has_request_above", 0 0;
v000001fc80085560_0 .var "has_request_below", 0 0;
v000001fc80085740_0 .var/i "i", 31 0;
E_000001fc8008d3e0 .event anyedge, v000001fc800857e0_0, v000001fc80085100_0;
S_000001fc800e5b10 .scope module, "controller" "fsm_controller" 3 57, 5 2 0, S_000001fc80088050;
 .timescale -9 -12;
    .port_info 0 /INPUT 1 "clk";
    .port_info 1 /INPUT 1 "reset";
    .port_info 2 /INPUT 1 "emergency_stop";
    .port_info 3 /INPUT 1 "overweight";
    .port_info 4 /INPUT 1 "door_obstruction";
    .port_info 5 /INPUT 4 "current_floor";
    .port_info 6 /INPUT 10 "floor_requests";
    .port_info 7 /INPUT 1 "has_request_above";
    .port_info 8 /INPUT 1 "has_request_below";
    .port_info 9 /OUTPUT 1 "moving_up";
    .port_info 10 /OUTPUT 1 "moving_down";
    .port_info 11 /OUTPUT 1 "door_open";
    .port_info 12 /OUTPUT 1 "clear_current_request";
    .port_info 13 /OUTPUT 8 "pwm_duty";
P_000001fc800e5ca0 .param/l "CHECK_REQUEST" 1 5 28, C4<0001>;
P_000001fc800e5cd8 .param/l "CLOSE_DOOR" 1 5 33, C4<0110>;
P_000001fc800e5d10 .param/l "DOOR_OPEN_TIME" 1 5 37, C4<00110010>;
P_000001fc800e5d48 .param/l "DOOR_WAIT" 1 5 32, C4<0101>;
P_000001fc800e5d80 .param/l "EMERGENCY_STOP" 1 5 34, C4<0111>;
P_000001fc800e5db8 .param/l "FLOOR_WIDTH" 0 5 4, +C4<00000000000000000000000000000100>;
P_000001fc800e5df0 .param/l "IDLE" 1 5 27, C4<0000>;
P_000001fc800e5e28 .param/l "MOVE_DOWN" 1 5 30, C4<0011>;
P_000001fc800e5e60 .param/l "MOVE_UP" 1 5 29, C4<0010>;
P_000001fc800e5e98 .param/l "NUM_FLOORS" 0 5 3, +C4<00000000000000000000000000001010>;
P_000001fc800e5ed0 .param/l "OPEN_DOOR" 1 5 31, C4<0100>;
P_000001fc800e5f08 .param/l "WAIT_FOR_WEIGHT" 1 5 35, C4<1000>;
v000001fc800851a0_0 .var "clear_current_request", 0 0;
v000001fc80085240_0 .net "clk", 0 0, v000001fc800e6ae0_0;  alias, 1 drivers
v000001fc80085420_0 .net "current_floor", 3 0, v000001fc800854c0_0;  alias, 1 drivers
v000001fc800852e0_0 .net "door_obstruction", 0 0, v000001fc800e6b80_0;  alias, 1 drivers
v000001fc80084ca0_0 .var "door_open", 0 0;
v000001fc80085920_0 .net "emergency_stop", 0 0, v000001fc800e6ea0_0;  alias, 1 drivers
v000001fc80085880_0 .net "floor_requests", 9 0, v000001fc800e71c0_0;  alias, 1 drivers
v000001fc800859c0_0 .net "has_request_above", 0 0, v000001fc80084b60_0;  alias, 1 drivers
v000001fc80085380_0 .net "has_request_below", 0 0, v000001fc80085560_0;  alias, 1 drivers
v000001fc800856a0_0 .var "moving_down", 0 0;
v000001fc80084d40_0 .var "moving_up", 0 0;
v000001fc80084c00_0 .var "next_state", 3 0;
v000001fc80085060_0 .net "overweight", 0 0, v000001fc800e74e0_0;  alias, 1 drivers
v000001fc80085a60_0 .var "pwm_duty", 7 0;
v000001fc80084de0_0 .net "reset", 0 0, v000001fc800e6180_0;  alias, 1 drivers
v000001fc80084f20_0 .var "state", 3 0;
v000001fc80084fc0_0 .var "timer", 7 0;
E_000001fc8008c9a0/0 .event anyedge, v000001fc80084f20_0, v000001fc80085920_0, v000001fc80085100_0, v000001fc800857e0_0;
E_000001fc8008c9a0/1 .event anyedge, v000001fc80084b60_0, v000001fc80085560_0, v000001fc80085060_0, v000001fc800852e0_0;
E_000001fc8008c9a0/2 .event anyedge, v000001fc80084fc0_0;
E_000001fc8008c9a0 .event/or E_000001fc8008c9a0/0, E_000001fc8008c9a0/1, E_000001fc8008c9a0/2;
E_000001fc8008d2a0 .event anyedge, v000001fc80084f20_0;
E_000001fc8008cda0 .event posedge, v000001fc80084de0_0, v000001fc80085240_0;
S_000001fc80048fd0 .scope module, "detector" "floor_position_detector" 3 36, 6 1 0, S_000001fc80088050;
 .timescale -9 -12;
    .port_info 0 /INPUT 10 "floor_sensors";
    .port_info 1 /OUTPUT 4 "current_floor";
P_000001fcfffd8790 .param/l "FLOOR_WIDTH" 0 6 3, +C4<00000000000000000000000000000100>;
P_000001fcfffd87c8 .param/l "NUM_FLOORS" 0 6 2, +C4<00000000000000000000000000001010>;
v000001fc800854c0_0 .var "current_floor", 3 0;
v000001fc80085600_0 .net "floor_sensors", 9 0, v000001fc800e7760_0;  alias, 1 drivers
v000001fc800e67c0_0 .var/i "i", 31 0;
E_000001fc8008c920 .event anyedge, v000001fc80085600_0;
S_000001fc80049160 .scope module, "handler" "request_handler" 3 41, 7 1 0, S_000001fc80088050;
 .timescale -9 -12;
    .port_info 0 /INPUT 1 "clk";
    .port_info 1 /INPUT 1 "reset";
    .port_info 2 /INPUT 10 "new_requests";
    .port_info 3 /INPUT 4 "current_floor";
    .port_info 4 /INPUT 1 "clear_current_request";
    .port_info 5 /OUTPUT 10 "floor_requests";
P_000001fcfffd8b10 .param/l "FLOOR_WIDTH" 0 7 3, +C4<00000000000000000000000000000100>;
P_000001fcfffd8b48 .param/l "NUM_FLOORS" 0 7 2, +C4<00000000000000000000000000001010>;
v000001fc800e7800_0 .net "clear_current_request", 0 0, v000001fc800851a0_0;  alias, 1 drivers
v000001fc800e6e00_0 .net "clk", 0 0, v000001fc800e6ae0_0;  alias, 1 drivers
v000001fc800e6d60_0 .net "current_floor", 3 0, v000001fc800854c0_0;  alias, 1 drivers
v000001fc800e71c0_0 .var "floor_requests", 9 0;
v000001fc800e6360_0 .net "new_requests", 9 0, v000001fc800e6040_0;  alias, 1 drivers
v000001fc800e7bc0_0 .net "reset", 0 0, v000001fc800e6180_0;  alias, 1 drivers
S_000001fc800492f0 .scope module, "pwm_unit" "pwm_generator" 3 74, 8 1 0, S_000001fc80088050;
 .timescale -9 -12;
    .port_info 0 /INPUT 1 "clk";
    .port_info 1 /INPUT 1 "reset";
    .port_info 2 /INPUT 8 "duty_cycle";
    .port_info 3 /OUTPUT 1 "pwm_out";
v000001fc800e62c0_0 .net "clk", 0 0, v000001fc800e6ae0_0;  alias, 1 drivers
v000001fc800e6540_0 .var "counter", 7 0;
v000001fc800e76c0_0 .net "duty_cycle", 7 0, v000001fc80085a60_0;  alias, 1 drivers
v000001fc800e6cc0_0 .var "pwm_out", 0 0;
v000001fc800e78a0_0 .net "reset", 0 0, v000001fc800e6180_0;  alias, 1 drivers
S_000001fc8004bc50 .scope task, "print_header" "print_header" 2 60, 2 60 0, S_000001fc80085b20;
 .timescale -9 -12;
TD_elevator_fsm_top_tb.print_header ;
    %vpi_call 2 62 "$display", "Behaviour of the elevator" {0 0 0};
    %vpi_call 2 63 "$display", "---------------------------------------------------------------------------------------------------------------" {0 0 0};
    %vpi_call 2 64 "$display", "Time(ns) | Reset | EmStop | Overwt | DoorObs | CurrFloor | FloorReqs      | MovingUp | MovingDn | DoorOpen | ClearReq | PWM_Duty | PWM_Out" {0 0 0};
    %vpi_call 2 65 "$display", "---------------------------------------------------------------------------------------------------------------" {0 0 0};
    %end;
S_000001fc8004bde0 .scope task, "set_floor" "set_floor" 2 78, 2 78 0, S_000001fc80085b20;
 .timescale -9 -12;
v000001fc800e7300_0 .var "floor", 3 0;
TD_elevator_fsm_top_tb.set_floor ;
    %pushi/vec4 0, 0, 10;
    %store/vec4 v000001fc800e7760_0, 0, 10;
    %pushi/vec4 1, 0, 1;
    %ix/getv 4, v000001fc800e7300_0;
    %store/vec4 v000001fc800e7760_0, 4, 1;
    %end;
    .scope S_000001fc80048fd0;
T_2 ;
    %wait E_000001fc8008c920;
    %pushi/vec4 0, 0, 4;
    %store/vec4 v000001fc800854c0_0, 0, 4;
    %pushi/vec4 0, 0, 32;
    %store/vec4 v000001fc800e67c0_0, 0, 32;
T_2.0 ;
    %load/vec4 v000001fc800e67c0_0;
    %cmpi/s 10, 0, 32;
    %jmp/0xz T_2.1, 5;
    %load/vec4 v000001fc80085600_0;
    %load/vec4 v000001fc800e67c0_0;
    %part/s 1;
    %flag_set/vec4 8;
    %jmp/0xz  T_2.2, 8;
    %load/vec4 v000001fc800e67c0_0;
    %parti/s 4, 0, 2;
    %store/vec4 v000001fc800854c0_0, 0, 4;
T_2.2 ;
    %load/vec4 v000001fc800e67c0_0;
    %addi 1, 0, 32;
    %store/vec4 v000001fc800e67c0_0, 0, 32;
    %jmp T_2.0;
T_2.1 ;
    %jmp T_2;
    .thread T_2, $push;
    .scope S_000001fc80049160;
T_3 ;
    %wait E_000001fc8008cda0;
    %load/vec4 v000001fc800e7bc0_0;
    %flag_set/vec4 8;
    %jmp/0xz  T_3.0, 8;
    %pushi/vec4 0, 0, 10;
    %assign/vec4 v000001fc800e71c0_0, 0;
    %jmp T_3.1;
T_3.0 ;
    %load/vec4 v000001fc800e71c0_0;
    %load/vec4 v000001fc800e6360_0;
    %or;
    %assign/vec4 v000001fc800e71c0_0, 0;
    %load/vec4 v000001fc800e7800_0;
    %flag_set/vec4 8;
    %jmp/0xz  T_3.2, 8;
    %pushi/vec4 0, 0, 1;
    %ix/load 5, 0, 0;
    %ix/getv 4, v000001fc800e6d60_0;
    %assign/vec4/off/d v000001fc800e71c0_0, 4, 5;
T_3.2 ;
T_3.1 ;
    %jmp T_3;
    .thread T_3;
    .scope S_000001fc800881e0;
T_4 ;
    %wait E_000001fc8008d3e0;
    %pushi/vec4 0, 0, 1;
    %store/vec4 v000001fc80084b60_0, 0, 1;
    %pushi/vec4 0, 0, 1;
    %store/vec4 v000001fc80085560_0, 0, 1;
    %pushi/vec4 0, 0, 32;
    %store/vec4 v000001fc80085740_0, 0, 32;
T_4.0 ;
    %load/vec4 v000001fc80085740_0;
    %cmpi/s 10, 0, 32;
    %jmp/0xz T_4.1, 5;
    %load/vec4 v000001fc800857e0_0;
    %pad/u 32;
    %load/vec4 v000001fc80085740_0;
    %cmp/u;
    %flag_get/vec4 5;
    %load/vec4 v000001fc80085100_0;
    %load/vec4 v000001fc80085740_0;
    %part/s 1;
    %and;
    %flag_set/vec4 8;
    %jmp/0xz  T_4.2, 8;
    %pushi/vec4 1, 0, 1;
    %store/vec4 v000001fc80084b60_0, 0, 1;
T_4.2 ;
    %load/vec4 v000001fc80085740_0;
    %load/vec4 v000001fc800857e0_0;
    %pad/u 32;
    %cmp/u;
    %flag_get/vec4 5;
    %load/vec4 v000001fc80085100_0;
    %load/vec4 v000001fc80085740_0;
    %part/s 1;
    %and;
    %flag_set/vec4 8;
    %jmp/0xz  T_4.4, 8;
    %pushi/vec4 1, 0, 1;
    %store/vec4 v000001fc80085560_0, 0, 1;
T_4.4 ;
    %load/vec4 v000001fc80085740_0;
    %addi 1, 0, 32;
    %store/vec4 v000001fc80085740_0, 0, 32;
    %jmp T_4.0;
T_4.1 ;
    %jmp T_4;
    .thread T_4, $push;
    .scope S_000001fc800e5b10;
T_5 ;
    %wait E_000001fc8008cda0;
    %load/vec4 v000001fc80084de0_0;
    %flag_set/vec4 8;
    %jmp/0xz  T_5.0, 8;
    %pushi/vec4 0, 0, 4;
    %assign/vec4 v000001fc80084f20_0, 0;
    %jmp T_5.1;
T_5.0 ;
    %load/vec4 v000001fc80084c00_0;
    %assign/vec4 v000001fc80084f20_0, 0;
T_5.1 ;
    %jmp T_5;
    .thread T_5;
    .scope S_000001fc800e5b10;
T_6 ;
    %wait E_000001fc8008cda0;
    %load/vec4 v000001fc80084de0_0;
    %flag_set/vec4 8;
    %jmp/0xz  T_6.0, 8;
    %pushi/vec4 0, 0, 8;
    %assign/vec4 v000001fc80084fc0_0, 0;
    %jmp T_6.1;
T_6.0 ;
    %load/vec4 v000001fc80084f20_0;
    %cmpi/e 5, 0, 4;
    %jmp/0xz  T_6.2, 4;
    %load/vec4 v000001fc80084fc0_0;
    %addi 1, 0, 8;
    %assign/vec4 v000001fc80084fc0_0, 0;
    %jmp T_6.3;
T_6.2 ;
    %pushi/vec4 0, 0, 8;
    %assign/vec4 v000001fc80084fc0_0, 0;
T_6.3 ;
T_6.1 ;
    %jmp T_6;
    .thread T_6;
    .scope S_000001fc800e5b10;
T_7 ;
    %wait E_000001fc8008d2a0;
    %pushi/vec4 0, 0, 1;
    %store/vec4 v000001fc80084d40_0, 0, 1;
    %pushi/vec4 0, 0, 1;
    %store/vec4 v000001fc800856a0_0, 0, 1;
    %pushi/vec4 0, 0, 1;
    %store/vec4 v000001fc80084ca0_0, 0, 1;
    %pushi/vec4 0, 0, 1;
    %store/vec4 v000001fc800851a0_0, 0, 1;
    %pushi/vec4 0, 0, 8;
    %store/vec4 v000001fc80085a60_0, 0, 8;
    %load/vec4 v000001fc80084f20_0;
    %dup/vec4;
    %pushi/vec4 2, 0, 4;
    %cmp/u;
    %jmp/1 T_7.0, 6;
    %dup/vec4;
    %pushi/vec4 3, 0, 4;
    %cmp/u;
    %jmp/1 T_7.1, 6;
    %dup/vec4;
    %pushi/vec4 4, 0, 4;
    %cmp/u;
    %jmp/1 T_7.2, 6;
    %dup/vec4;
    %pushi/vec4 5, 0, 4;
    %cmp/u;
    %jmp/1 T_7.3, 6;
    %dup/vec4;
    %pushi/vec4 7, 0, 4;
    %cmp/u;
    %jmp/1 T_7.4, 6;
    %jmp T_7.5;
T_7.0 ;
    %pushi/vec4 1, 0, 1;
    %store/vec4 v000001fc80084d40_0, 0, 1;
    %pushi/vec4 180, 0, 8;
    %store/vec4 v000001fc80085a60_0, 0, 8;
    %jmp T_7.5;
T_7.1 ;
    %pushi/vec4 1, 0, 1;
    %store/vec4 v000001fc800856a0_0, 0, 1;
    %pushi/vec4 180, 0, 8;
    %store/vec4 v000001fc80085a60_0, 0, 8;
    %jmp T_7.5;
T_7.2 ;
    %pushi/vec4 1, 0, 1;
    %store/vec4 v000001fc80084ca0_0, 0, 1;
    %pushi/vec4 1, 0, 1;
    %store/vec4 v000001fc800851a0_0, 0, 1;
    %jmp T_7.5;
T_7.3 ;
    %pushi/vec4 1, 0, 1;
    %store/vec4 v000001fc80084ca0_0, 0, 1;
    %jmp T_7.5;
T_7.4 ;
    %pushi/vec4 1, 0, 1;
    %store/vec4 v000001fc80084ca0_0, 0, 1;
    %jmp T_7.5;
T_7.5 ;
    %pop/vec4 1;
    %jmp T_7;
    .thread T_7, $push;
    .scope S_000001fc800e5b10;
T_8 ;
    %wait E_000001fc8008c9a0;
    %load/vec4 v000001fc80084f20_0;
    %store/vec4 v000001fc80084c00_0, 0, 4;
    %load/vec4 v000001fc80084f20_0;
    %dup/vec4;
    %pushi/vec4 0, 0, 4;
    %cmp/u;
    %jmp/1 T_8.0, 6;
    %dup/vec4;
    %pushi/vec4 1, 0, 4;
    %cmp/u;
    %jmp/1 T_8.1, 6;
    %dup/vec4;
    %pushi/vec4 2, 0, 4;
    %cmp/u;
    %jmp/1 T_8.2, 6;
    %dup/vec4;
    %pushi/vec4 3, 0, 4;
    %cmp/u;
    %jmp/1 T_8.3, 6;
    %dup/vec4;
    %pushi/vec4 4, 0, 4;
    %cmp/u;
    %jmp/1 T_8.4, 6;
    %dup/vec4;
    %pushi/vec4 5, 0, 4;
    %cmp/u;
    %jmp/1 T_8.5, 6;
    %dup/vec4;
    %pushi/vec4 6, 0, 4;
    %cmp/u;
    %jmp/1 T_8.6, 6;
    %dup/vec4;
    %pushi/vec4 8, 0, 4;
    %cmp/u;
    %jmp/1 T_8.7, 6;
    %dup/vec4;
    %pushi/vec4 7, 0, 4;
    %cmp/u;
    %jmp/1 T_8.8, 6;
    %jmp T_8.9;
T_8.0 ;
    %load/vec4 v000001fc80085920_0;
    %flag_set/vec4 8;
    %jmp/0xz  T_8.10, 8;
    %pushi/vec4 7, 0, 4;
    %store/vec4 v000001fc80084c00_0, 0, 4;
    %jmp T_8.11;
T_8.10 ;
    %load/vec4 v000001fc80085880_0;
    %pad/u 32;
    %cmpi/ne 0, 0, 32;
    %jmp/0xz  T_8.12, 4;
    %pushi/vec4 1, 0, 4;
    %store/vec4 v000001fc80084c00_0, 0, 4;
T_8.12 ;
T_8.11 ;
    %jmp T_8.9;
T_8.1 ;
    %load/vec4 v000001fc80085920_0;
    %flag_set/vec4 8;
    %jmp/0xz  T_8.14, 8;
    %pushi/vec4 7, 0, 4;
    %store/vec4 v000001fc80084c00_0, 0, 4;
    %jmp T_8.15;
T_8.14 ;
    %load/vec4 v000001fc80085880_0;
    %load/vec4 v000001fc80085420_0;
    %part/u 1;
    %flag_set/vec4 8;
    %jmp/0xz  T_8.16, 8;
    %pushi/vec4 4, 0, 4;
    %store/vec4 v000001fc80084c00_0, 0, 4;
    %jmp T_8.17;
T_8.16 ;
    %load/vec4 v000001fc800859c0_0;
    %flag_set/vec4 8;
    %jmp/0xz  T_8.18, 8;
    %pushi/vec4 2, 0, 4;
    %store/vec4 v000001fc80084c00_0, 0, 4;
    %jmp T_8.19;
T_8.18 ;
    %load/vec4 v000001fc80085380_0;
    %flag_set/vec4 8;
    %jmp/0xz  T_8.20, 8;
    %pushi/vec4 3, 0, 4;
    %store/vec4 v000001fc80084c00_0, 0, 4;
    %jmp T_8.21;
T_8.20 ;
    %pushi/vec4 0, 0, 4;
    %store/vec4 v000001fc80084c00_0, 0, 4;
T_8.21 ;
T_8.19 ;
T_8.17 ;
T_8.15 ;
    %jmp T_8.9;
T_8.2 ;
    %load/vec4 v000001fc80085920_0;
    %flag_set/vec4 8;
    %jmp/0xz  T_8.22, 8;
    %pushi/vec4 7, 0, 4;
    %store/vec4 v000001fc80084c00_0, 0, 4;
    %jmp T_8.23;
T_8.22 ;
    %load/vec4 v000001fc80085060_0;
    %flag_set/vec4 8;
    %jmp/0xz  T_8.24, 8;
    %pushi/vec4 8, 0, 4;
    %store/vec4 v000001fc80084c00_0, 0, 4;
    %jmp T_8.25;
T_8.24 ;
    %load/vec4 v000001fc80085880_0;
    %load/vec4 v000001fc80085420_0;
    %part/u 1;
    %flag_set/vec4 8;
    %jmp/0xz  T_8.26, 8;
    %pushi/vec4 4, 0, 4;
    %store/vec4 v000001fc80084c00_0, 0, 4;
T_8.26 ;
T_8.25 ;
T_8.23 ;
    %jmp T_8.9;
T_8.3 ;
    %load/vec4 v000001fc80085920_0;
    %flag_set/vec4 8;
    %jmp/0xz  T_8.28, 8;
    %pushi/vec4 7, 0, 4;
    %store/vec4 v000001fc80084c00_0, 0, 4;
    %jmp T_8.29;
T_8.28 ;
    %load/vec4 v000001fc80085060_0;
    %flag_set/vec4 8;
    %jmp/0xz  T_8.30, 8;
    %pushi/vec4 8, 0, 4;
    %store/vec4 v000001fc80084c00_0, 0, 4;
    %jmp T_8.31;
T_8.30 ;
    %load/vec4 v000001fc80085880_0;
    %load/vec4 v000001fc80085420_0;
    %part/u 1;
    %flag_set/vec4 8;
    %jmp/0xz  T_8.32, 8;
    %pushi/vec4 4, 0, 4;
    %store/vec4 v000001fc80084c00_0, 0, 4;
T_8.32 ;
T_8.31 ;
T_8.29 ;
    %jmp T_8.9;
T_8.4 ;
    %pushi/vec4 5, 0, 4;
    %store/vec4 v000001fc80084c00_0, 0, 4;
    %jmp T_8.9;
T_8.5 ;
    %load/vec4 v000001fc800852e0_0;
    %flag_set/vec4 8;
    %jmp/0xz  T_8.34, 8;
    %pushi/vec4 5, 0, 4;
    %store/vec4 v000001fc80084c00_0, 0, 4;
    %jmp T_8.35;
T_8.34 ;
    %load/vec4 v000001fc80084fc0_0;
    %cmpi/u 50, 0, 8;
    %flag_inv 5; GE is !LT
    %jmp/0xz  T_8.36, 5;
    %pushi/vec4 6, 0, 4;
    %store/vec4 v000001fc80084c00_0, 0, 4;
T_8.36 ;
T_8.35 ;
    %jmp T_8.9;
T_8.6 ;
    %load/vec4 v000001fc80085060_0;
    %flag_set/vec4 8;
    %jmp/0xz  T_8.38, 8;
    %pushi/vec4 8, 0, 4;
    %store/vec4 v000001fc80084c00_0, 0, 4;
    %jmp T_8.39;
T_8.38 ;
    %pushi/vec4 1, 0, 4;
    %store/vec4 v000001fc80084c00_0, 0, 4;
T_8.39 ;
    %jmp T_8.9;
T_8.7 ;
    %load/vec4 v000001fc80085060_0;
    %nor/r;
    %flag_set/vec4 8;
    %jmp/0xz  T_8.40, 8;
    %pushi/vec4 1, 0, 4;
    %store/vec4 v000001fc80084c00_0, 0, 4;
T_8.40 ;
    %jmp T_8.9;
T_8.8 ;
    %load/vec4 v000001fc80085920_0;
    %nor/r;
    %flag_set/vec4 8;
    %jmp/0xz  T_8.42, 8;
    %pushi/vec4 0, 0, 4;
    %store/vec4 v000001fc80084c00_0, 0, 4;
T_8.42 ;
    %jmp T_8.9;
T_8.9 ;
    %pop/vec4 1;
    %jmp T_8;
    .thread T_8, $push;
    .scope S_000001fc800492f0;
T_9 ;
    %wait E_000001fc8008cda0;
    %load/vec4 v000001fc800e78a0_0;
    %flag_set/vec4 8;
    %jmp/0xz  T_9.0, 8;
    %pushi/vec4 0, 0, 8;
    %assign/vec4 v000001fc800e6540_0, 0;
    %jmp T_9.1;
T_9.0 ;
    %load/vec4 v000001fc800e6540_0;
    %addi 1, 0, 8;
    %assign/vec4 v000001fc800e6540_0, 0;
T_9.1 ;
    %jmp T_9;
    .thread T_9;
    .scope S_000001fc800492f0;
T_10 ;
    %wait E_000001fc8008cda0;
    %load/vec4 v000001fc800e78a0_0;
    %flag_set/vec4 8;
    %jmp/0xz  T_10.0, 8;
    %pushi/vec4 0, 0, 1;
    %assign/vec4 v000001fc800e6cc0_0, 0;
    %jmp T_10.1;
T_10.0 ;
    %load/vec4 v000001fc800e6540_0;
    %load/vec4 v000001fc800e76c0_0;
    %cmp/u;
    %flag_get/vec4 5;
    %assign/vec4 v000001fc800e6cc0_0, 0;
T_10.1 ;
    %jmp T_10;
    .thread T_10;
    .scope S_000001fc80085b20;
T_11 ;
    %pushi/vec4 0, 0, 1;
    %store/vec4 v000001fc800e6ae0_0, 0, 1;
    %end;
    .thread T_11;
    .scope S_000001fc80085b20;
T_12 ;
    %delay 5000, 0;
    %load/vec4 v000001fc800e6ae0_0;
    %inv;
    %store/vec4 v000001fc800e6ae0_0, 0, 1;
    %jmp T_12;
    .thread T_12;
    .scope S_000001fc80085b20;
T_13 ;
    %vpi_call 2 50 "$dumpfile", "elevator_fsm_top.vcd" {0 0 0};
    %vpi_call 2 51 "$dumpvars", 32'sb00000000000000000000000000000000, S_000001fc80085b20 {0 0 0};
    %end;
    .thread T_13;
    .scope S_000001fc80085b20;
T_14 ;
    %vpi_call 2 56 "$display", "\012--- Simulation started ---" {0 0 0};
    %fork TD_elevator_fsm_top_tb.print_header, S_000001fc8004bc50;
    %join;
    %end;
    .thread T_14;
    .scope S_000001fc80085b20;
T_15 ;
    %wait E_000001fc8008d4a0;
    %vpi_call 2 71 "$display", "%8d |   %b   |   %b    |   %b    |    %b    |    %2d     | %b |    %b    |    %b    |    %b    |    %b     |   %3d    |   %b", $time, v000001fc800e6180_0, v000001fc800e6ea0_0, v000001fc800e74e0_0, v000001fc800e6b80_0, v000001fc800e7d00_0, v000001fc800e6c20_0, v000001fc800e6fe0_0, v000001fc800e6f40_0, v000001fc800e73a0_0, v000001fc800851a0_0, v000001fc80085a60_0, v000001fc800e60e0_0 {0 0 0};
    %jmp T_15;
    .thread T_15;
    .scope S_000001fc80085b20;
T_16 ;
    %pushi/vec4 1, 0, 1;
    %store/vec4 v000001fc800e6180_0, 0, 1;
    %pushi/vec4 0, 0, 1;
    %store/vec4 v000001fc800e6ea0_0, 0, 1;
    %pushi/vec4 0, 0, 1;
    %store/vec4 v000001fc800e74e0_0, 0, 1;
    %pushi/vec4 0, 0, 1;
    %store/vec4 v000001fc800e6b80_0, 0, 1;
    %pushi/vec4 0, 0, 10;
    %store/vec4 v000001fc800e6040_0, 0, 10;
    %pushi/vec4 0, 0, 10;
    %store/vec4 v000001fc800e7760_0, 0, 10;
    %delay 50000, 0;
    %pushi/vec4 0, 0, 1;
    %store/vec4 v000001fc800e6180_0, 0, 1;
    %delay 50000, 0;
    %pushi/vec4 0, 0, 4;
    %store/vec4 v000001fc800e7300_0, 0, 4;
    %fork TD_elevator_fsm_top_tb.set_floor, S_000001fc8004bde0;
    %join;
    %delay 200000, 0;
    %fork TD_elevator_fsm_top_tb.print_header, S_000001fc8004bc50;
    %join;
    %vpi_call 2 105 "$display", "Scenario 1: Requests at floors 3, 5, and 9" {0 0 0};
    %delay 100000, 0;
    %pushi/vec4 1, 0, 1;
    %ix/load 4, 3, 0;
    %flag_set/imm 4, 0;
    %store/vec4 v000001fc800e6040_0, 4, 1;
    %delay 100000, 0;
    %pushi/vec4 1, 0, 1;
    %ix/load 4, 5, 0;
    %flag_set/imm 4, 0;
    %store/vec4 v000001fc800e6040_0, 4, 1;
    %delay 100000, 0;
    %pushi/vec4 1, 0, 1;
    %ix/load 4, 9, 0;
    %flag_set/imm 4, 0;
    %store/vec4 v000001fc800e6040_0, 4, 1;
    %delay 100000, 0;
    %pushi/vec4 0, 0, 10;
    %store/vec4 v000001fc800e6040_0, 0, 10;
    %delay 100000, 0;
    %delay 200000, 0;
    %pushi/vec4 1, 0, 4;
    %store/vec4 v000001fc800e7300_0, 0, 4;
    %fork TD_elevator_fsm_top_tb.set_floor, S_000001fc8004bde0;
    %join;
    %delay 200000, 0;
    %delay 200000, 0;
    %pushi/vec4 2, 0, 4;
    %store/vec4 v000001fc800e7300_0, 0, 4;
    %fork TD_elevator_fsm_top_tb.set_floor, S_000001fc8004bde0;
    %join;
    %delay 200000, 0;
    %delay 200000, 0;
    %pushi/vec4 3, 0, 4;
    %store/vec4 v000001fc800e7300_0, 0, 4;
    %fork TD_elevator_fsm_top_tb.set_floor, S_000001fc8004bde0;
    %join;
    %delay 800000, 0;
    %fork TD_elevator_fsm_top_tb.print_header, S_000001fc8004bc50;
    %join;
    %vpi_call 2 119 "$display", "Scenario 1 Continued: Moving to floor 5" {0 0 0};
    %delay 300000, 0;
    %pushi/vec4 4, 0, 4;
    %store/vec4 v000001fc800e7300_0, 0, 4;
    %fork TD_elevator_fsm_top_tb.set_floor, S_000001fc8004bde0;
    %join;
    %delay 300000, 0;
    %delay 300000, 0;
    %pushi/vec4 5, 0, 4;
    %store/vec4 v000001fc800e7300_0, 0, 4;
    %fork TD_elevator_fsm_top_tb.set_floor, S_000001fc8004bde0;
    %join;
    %delay 800000, 0;
    %fork TD_elevator_fsm_top_tb.print_header, S_000001fc8004bc50;
    %join;
    %vpi_call 2 126 "$display", "Scenario 1 Continued: Moving to floor 9" {0 0 0};
    %delay 300000, 0;
    %pushi/vec4 6, 0, 4;
    %store/vec4 v000001fc800e7300_0, 0, 4;
    %fork TD_elevator_fsm_top_tb.set_floor, S_000001fc8004bde0;
    %join;
    %delay 300000, 0;
    %delay 300000, 0;
    %pushi/vec4 7, 0, 4;
    %store/vec4 v000001fc800e7300_0, 0, 4;
    %fork TD_elevator_fsm_top_tb.set_floor, S_000001fc8004bde0;
    %join;
    %delay 300000, 0;
    %delay 300000, 0;
    %pushi/vec4 8, 0, 4;
    %store/vec4 v000001fc800e7300_0, 0, 4;
    %fork TD_elevator_fsm_top_tb.set_floor, S_000001fc8004bde0;
    %join;
    %delay 300000, 0;
    %delay 300000, 0;
    %pushi/vec4 9, 0, 4;
    %store/vec4 v000001fc800e7300_0, 0, 4;
    %fork TD_elevator_fsm_top_tb.set_floor, S_000001fc8004bde0;
    %join;
    %delay 800000, 0;
    %fork TD_elevator_fsm_top_tb.print_header, S_000001fc8004bc50;
    %join;
    %vpi_call 2 135 "$display", "Scenario 2: Door Obstruction" {0 0 0};
    %pushi/vec4 1, 0, 1;
    %store/vec4 v000001fc800e6b80_0, 0, 1;
    %delay 600000, 0;
    %pushi/vec4 0, 0, 1;
    %store/vec4 v000001fc800e6b80_0, 0, 1;
    %delay 400000, 0;
    %fork TD_elevator_fsm_top_tb.print_header, S_000001fc8004bc50;
    %join;
    %vpi_call 2 142 "$display", "Scenario 3: Overweight condition" {0 0 0};
    %pushi/vec4 1, 0, 1;
    %store/vec4 v000001fc800e74e0_0, 0, 1;
    %delay 600000, 0;
    %pushi/vec4 0, 0, 1;
    %store/vec4 v000001fc800e74e0_0, 0, 1;
    %delay 400000, 0;
    %fork TD_elevator_fsm_top_tb.print_header, S_000001fc8004bc50;
    %join;
    %vpi_call 2 149 "$display", "Scenario 4: Emergency stop triggered" {0 0 0};
    %pushi/vec4 1, 0, 1;
    %store/vec4 v000001fc800e6ea0_0, 0, 1;
    %delay 600000, 0;
    %pushi/vec4 0, 0, 1;
    %store/vec4 v000001fc800e6ea0_0, 0, 1;
    %delay 400000, 0;
    %fork TD_elevator_fsm_top_tb.print_header, S_000001fc8004bc50;
    %join;
    %vpi_call 2 156 "$display", "Scenario 5: New requests at floor 1 and 4" {0 0 0};
    %delay 200000, 0;
    %pushi/vec4 1, 0, 1;
    %ix/load 4, 1, 0;
    %flag_set/imm 4, 0;
    %store/vec4 v000001fc800e6040_0, 4, 1;
    %delay 200000, 0;
    %pushi/vec4 1, 0, 1;
    %ix/load 4, 4, 0;
    %flag_set/imm 4, 0;
    %store/vec4 v000001fc800e6040_0, 4, 1;
    %delay 100000, 0;
    %pushi/vec4 0, 0, 10;
    %store/vec4 v000001fc800e6040_0, 0, 10;
    %delay 400000, 0;
    %pushi/vec4 8, 0, 4;
    %store/vec4 v000001fc800e7300_0, 0, 4;
    %fork TD_elevator_fsm_top_tb.set_floor, S_000001fc8004bde0;
    %join;
    %delay 300000, 0;
    %delay 300000, 0;
    %pushi/vec4 7, 0, 4;
    %store/vec4 v000001fc800e7300_0, 0, 4;
    %fork TD_elevator_fsm_top_tb.set_floor, S_000001fc8004bde0;
    %join;
    %delay 300000, 0;
    %delay 300000, 0;
    %pushi/vec4 6, 0, 4;
    %store/vec4 v000001fc800e7300_0, 0, 4;
    %fork TD_elevator_fsm_top_tb.set_floor, S_000001fc8004bde0;
    %join;
    %delay 300000, 0;
    %delay 300000, 0;
    %pushi/vec4 5, 0, 4;
    %store/vec4 v000001fc800e7300_0, 0, 4;
    %fork TD_elevator_fsm_top_tb.set_floor, S_000001fc8004bde0;
    %join;
    %delay 300000, 0;
    %delay 300000, 0;
    %pushi/vec4 4, 0, 4;
    %store/vec4 v000001fc800e7300_0, 0, 4;
    %fork TD_elevator_fsm_top_tb.set_floor, S_000001fc8004bde0;
    %join;
    %delay 800000, 0;
    %delay 300000, 0;
    %pushi/vec4 3, 0, 4;
    %store/vec4 v000001fc800e7300_0, 0, 4;
    %fork TD_elevator_fsm_top_tb.set_floor, S_000001fc8004bde0;
    %join;
    %delay 300000, 0;
    %delay 300000, 0;
    %pushi/vec4 2, 0, 4;
    %store/vec4 v000001fc800e7300_0, 0, 4;
    %fork TD_elevator_fsm_top_tb.set_floor, S_000001fc8004bde0;
    %join;
    %delay 300000, 0;
    %delay 300000, 0;
    %pushi/vec4 1, 0, 4;
    %store/vec4 v000001fc800e7300_0, 0, 4;
    %fork TD_elevator_fsm_top_tb.set_floor, S_000001fc8004bde0;
    %join;
    %delay 800000, 0;
    %vpi_call 2 171 "$finish" {0 0 0};
    %end;
    .thread T_16;
# The file index is used to find the file name in the following table.
:file_names 9;
    "N/A";
    "<interactive>";
    "FloorPositionDetewctorTB.v";
    "./elevator_fsm_top.v";
    "./DirectionChecker.v";
    "./FSM_Controller.v";
    "./FloorPositionDetector.v";
    "./requestHandler.v";
    "./PwmGenerator.v";
