#! /c/Source/iverilog-install/bin/vvp
:ivl_version "12.0 (devel)" "(s20150603-1110-g18392a46)";
:ivl_delay_selection "TYPICAL";
:vpi_time_precision + 0;
:vpi_module "C:\iverilog\lib\ivl\system.vpi";
:vpi_module "C:\iverilog\lib\ivl\vhdl_sys.vpi";
:vpi_module "C:\iverilog\lib\ivl\vhdl_textio.vpi";
:vpi_module "C:\iverilog\lib\ivl\v2005_math.vpi";
:vpi_module "C:\iverilog\lib\ivl\va_math.vpi";
S_0000025c5d1fead0 .scope module, "floor_position_detector" "floor_position_detector" 2 1;
 .timescale 0 0;
    .port_info 0 /INPUT 10 "floor_sensors";
    .port_info 1 /OUTPUT 4 "current_floor";
P_0000025c5d213240 .param/l "FLOOR_WIDTH" 0 2 3, +C4<00000000000000000000000000000100>;
P_0000025c5d213278 .param/l "NUM_FLOORS" 0 2 2, +C4<00000000000000000000000000001010>;
v0000025c5d2130c0_0 .var "current_floor", 3 0;
o0000025c5d247008 .functor BUFZ 10, C4<zzzzzzzzzz>; HiZ drive
v0000025c5d212ea0_0 .net "floor_sensors", 9 0, o0000025c5d247008;  0 drivers
v0000025c5d1fd950_0 .var/i "i", 31 0;
E_0000025c5d246d80 .event anyedge, v0000025c5d212ea0_0;
    .scope S_0000025c5d1fead0;
T_0 ;
    %wait E_0000025c5d246d80;
    %pushi/vec4 0, 0, 4;
    %store/vec4 v0000025c5d2130c0_0, 0, 4;
    %pushi/vec4 0, 0, 32;
    %store/vec4 v0000025c5d1fd950_0, 0, 32;
T_0.0 ;
    %load/vec4 v0000025c5d1fd950_0;
    %cmpi/s 10, 0, 32;
    %jmp/0xz T_0.1, 5;
    %load/vec4 v0000025c5d212ea0_0;
    %load/vec4 v0000025c5d1fd950_0;
    %part/s 1;
    %flag_set/vec4 8;
    %jmp/0xz  T_0.2, 8;
    %load/vec4 v0000025c5d1fd950_0;
    %parti/s 4, 0, 2;
    %store/vec4 v0000025c5d2130c0_0, 0, 4;
T_0.2 ;
    %load/vec4 v0000025c5d1fd950_0;
    %addi 1, 0, 32;
    %store/vec4 v0000025c5d1fd950_0, 0, 32;
    %jmp T_0.0;
T_0.1 ;
    %jmp T_0;
    .thread T_0, $push;
# The file index is used to find the file name in the following table.
:file_names 3;
    "N/A";
    "<interactive>";
    "FloorPositionDetector.v";
