#! /c/Source/iverilog-install/bin/vvp
:ivl_version "12.0 (devel)" "(s20150603-1110-g18392a46)";
:ivl_delay_selection "TYPICAL";
:vpi_time_precision + 0;
:vpi_module "C:\iverilog\lib\ivl\system.vpi";
:vpi_module "C:\iverilog\lib\ivl\vhdl_sys.vpi";
:vpi_module "C:\iverilog\lib\ivl\vhdl_textio.vpi";
:vpi_module "C:\iverilog\lib\ivl\v2005_math.vpi";
:vpi_module "C:\iverilog\lib\ivl\va_math.vpi";
S_000001c1f82b2a90 .scope module, "fsm_controller" "fsm_controller" 2 2;
 .timescale 0 0;
    .port_info 0 /INPUT 1 "clk";
    .port_info 1 /INPUT 1 "reset";
    .port_info 2 /INPUT 1 "emergency_stop";
    .port_info 3 /INPUT 1 "overweight";
    .port_info 4 /INPUT 1 "door_obstruction";
    .port_info 5 /INPUT 4 "current_floor";
    .port_info 6 /INPUT 10 "floor_requests";
    .port_info 7 /INPUT 1 "has_request_above";
    .port_info 8 /INPUT 1 "has_request_below";
    .port_info 9 /OUTPUT 1 "moving_up";
    .port_info 10 /OUTPUT 1 "moving_down";
    .port_info 11 /OUTPUT 1 "door_open";
    .port_info 12 /OUTPUT 1 "clear_current_request";
    .port_info 13 /OUTPUT 8 "pwm_duty";
P_000001c1f82b2c20 .param/l "CHECK_REQUEST" 1 2 28, C4<0001>;
P_000001c1f82b2c58 .param/l "CLOSE_DOOR" 1 2 33, C4<0110>;
P_000001c1f82b2c90 .param/l "DOOR_OPEN_TIME" 1 2 37, C4<00110010>;
P_000001c1f82b2cc8 .param/l "DOOR_WAIT" 1 2 32, C4<0101>;
P_000001c1f82b2d00 .param/l "EMERGENCY_STOP" 1 2 34, C4<0111>;
P_000001c1f82b2d38 .param/l "FLOOR_WIDTH" 0 2 4, +C4<00000000000000000000000000000100>;
P_000001c1f82b2d70 .param/l "IDLE" 1 2 27, C4<0000>;
P_000001c1f82b2da8 .param/l "MOVE_DOWN" 1 2 30, C4<0011>;
P_000001c1f82b2de0 .param/l "MOVE_UP" 1 2 29, C4<0010>;
P_000001c1f82b2e18 .param/l "NUM_FLOORS" 0 2 3, +C4<00000000000000000000000000001010>;
P_000001c1f82b2e50 .param/l "OPEN_DOOR" 1 2 31, C4<0100>;
P_000001c1f82b2e88 .param/l "WAIT_FOR_WEIGHT" 1 2 35, C4<1000>;
v000001c1f82b30c0_0 .var "clear_current_request", 0 0;
o000001c1f82f1fe8 .functor BUFZ 1, C4<z>; HiZ drive
v000001c1f82b2ed0_0 .net "clk", 0 0, o000001c1f82f1fe8;  0 drivers
o000001c1f82f2018 .functor BUFZ 4, C4<zzzz>; HiZ drive
v000001c1f82e4410_0 .net "current_floor", 3 0, o000001c1f82f2018;  0 drivers
o000001c1f82f2048 .functor BUFZ 1, C4<z>; HiZ drive
v000001c1f82e44b0_0 .net "door_obstruction", 0 0, o000001c1f82f2048;  0 drivers
v000001c1f82e4550_0 .var "door_open", 0 0;
o000001c1f82f20a8 .functor BUFZ 1, C4<z>; HiZ drive
v000001c1f82e45f0_0 .net "emergency_stop", 0 0, o000001c1f82f20a8;  0 drivers
o000001c1f82f20d8 .functor BUFZ 10, C4<zzzzzzzzzz>; HiZ drive
v000001c1f82e4690_0 .net "floor_requests", 9 0, o000001c1f82f20d8;  0 drivers
o000001c1f82f2108 .functor BUFZ 1, C4<z>; HiZ drive
v000001c1f82e4730_0 .net "has_request_above", 0 0, o000001c1f82f2108;  0 drivers
o000001c1f82f2138 .functor BUFZ 1, C4<z>; HiZ drive
v000001c1f833e860_0 .net "has_request_below", 0 0, o000001c1f82f2138;  0 drivers
v000001c1f833e900_0 .var "moving_down", 0 0;
v000001c1f833e9a0_0 .var "moving_up", 0 0;
v000001c1f833ea40_0 .var "next_state", 3 0;
o000001c1f82f21f8 .functor BUFZ 1, C4<z>; HiZ drive
v000001c1f833f850_0 .net "overweight", 0 0, o000001c1f82f21f8;  0 drivers
v000001c1f833ec70_0 .var "pwm_duty", 7 0;
o000001c1f82f2258 .functor BUFZ 1, C4<z>; HiZ drive
v000001c1f833f030_0 .net "reset", 0 0, o000001c1f82f2258;  0 drivers
v000001c1f833f7b0_0 .var "state", 3 0;
v000001c1f833ed10_0 .var "timer", 7 0;
E_000001c1f82d7e10/0 .event anyedge, v000001c1f833f7b0_0, v000001c1f82e45f0_0, v000001c1f82e4690_0, v000001c1f82e4410_0;
E_000001c1f82d7e10/1 .event anyedge, v000001c1f82e4730_0, v000001c1f833e860_0, v000001c1f833f850_0, v000001c1f82e44b0_0;
E_000001c1f82d7e10/2 .event anyedge, v000001c1f833ed10_0;
E_000001c1f82d7e10 .event/or E_000001c1f82d7e10/0, E_000001c1f82d7e10/1, E_000001c1f82d7e10/2;
E_000001c1f82d7c90 .event anyedge, v000001c1f833f7b0_0;
E_000001c1f82d85d0 .event posedge, v000001c1f833f030_0, v000001c1f82b2ed0_0;
    .scope S_000001c1f82b2a90;
T_0 ;
    %wait E_000001c1f82d85d0;
    %load/vec4 v000001c1f833f030_0;
    %flag_set/vec4 8;
    %jmp/0xz  T_0.0, 8;
    %pushi/vec4 0, 0, 4;
    %assign/vec4 v000001c1f833f7b0_0, 0;
    %jmp T_0.1;
T_0.0 ;
    %load/vec4 v000001c1f833ea40_0;
    %assign/vec4 v000001c1f833f7b0_0, 0;
T_0.1 ;
    %jmp T_0;
    .thread T_0;
    .scope S_000001c1f82b2a90;
T_1 ;
    %wait E_000001c1f82d85d0;
    %load/vec4 v000001c1f833f030_0;
    %flag_set/vec4 8;
    %jmp/0xz  T_1.0, 8;
    %pushi/vec4 0, 0, 8;
    %assign/vec4 v000001c1f833ed10_0, 0;
    %jmp T_1.1;
T_1.0 ;
    %load/vec4 v000001c1f833f7b0_0;
    %cmpi/e 5, 0, 4;
    %jmp/0xz  T_1.2, 4;
    %load/vec4 v000001c1f833ed10_0;
    %addi 1, 0, 8;
    %assign/vec4 v000001c1f833ed10_0, 0;
    %jmp T_1.3;
T_1.2 ;
    %pushi/vec4 0, 0, 8;
    %assign/vec4 v000001c1f833ed10_0, 0;
T_1.3 ;
T_1.1 ;
    %jmp T_1;
    .thread T_1;
    .scope S_000001c1f82b2a90;
T_2 ;
    %wait E_000001c1f82d7c90;
    %pushi/vec4 0, 0, 1;
    %store/vec4 v000001c1f833e9a0_0, 0, 1;
    %pushi/vec4 0, 0, 1;
    %store/vec4 v000001c1f833e900_0, 0, 1;
    %pushi/vec4 0, 0, 1;
    %store/vec4 v000001c1f82e4550_0, 0, 1;
    %pushi/vec4 0, 0, 1;
    %store/vec4 v000001c1f82b30c0_0, 0, 1;
    %pushi/vec4 0, 0, 8;
    %store/vec4 v000001c1f833ec70_0, 0, 8;
    %load/vec4 v000001c1f833f7b0_0;
    %dup/vec4;
    %pushi/vec4 2, 0, 4;
    %cmp/u;
    %jmp/1 T_2.0, 6;
    %dup/vec4;
    %pushi/vec4 3, 0, 4;
    %cmp/u;
    %jmp/1 T_2.1, 6;
    %dup/vec4;
    %pushi/vec4 4, 0, 4;
    %cmp/u;
    %jmp/1 T_2.2, 6;
    %dup/vec4;
    %pushi/vec4 5, 0, 4;
    %cmp/u;
    %jmp/1 T_2.3, 6;
    %dup/vec4;
    %pushi/vec4 7, 0, 4;
    %cmp/u;
    %jmp/1 T_2.4, 6;
    %jmp T_2.5;
T_2.0 ;
    %pushi/vec4 1, 0, 1;
    %store/vec4 v000001c1f833e9a0_0, 0, 1;
    %pushi/vec4 180, 0, 8;
    %store/vec4 v000001c1f833ec70_0, 0, 8;
    %jmp T_2.5;
T_2.1 ;
    %pushi/vec4 1, 0, 1;
    %store/vec4 v000001c1f833e900_0, 0, 1;
    %pushi/vec4 180, 0, 8;
    %store/vec4 v000001c1f833ec70_0, 0, 8;
    %jmp T_2.5;
T_2.2 ;
    %pushi/vec4 1, 0, 1;
    %store/vec4 v000001c1f82e4550_0, 0, 1;
    %pushi/vec4 1, 0, 1;
    %store/vec4 v000001c1f82b30c0_0, 0, 1;
    %jmp T_2.5;
T_2.3 ;
    %pushi/vec4 1, 0, 1;
    %store/vec4 v000001c1f82e4550_0, 0, 1;
    %jmp T_2.5;
T_2.4 ;
    %pushi/vec4 1, 0, 1;
    %store/vec4 v000001c1f82e4550_0, 0, 1;
    %jmp T_2.5;
T_2.5 ;
    %pop/vec4 1;
    %jmp T_2;
    .thread T_2, $push;
    .scope S_000001c1f82b2a90;
T_3 ;
    %wait E_000001c1f82d7e10;
    %load/vec4 v000001c1f833f7b0_0;
    %store/vec4 v000001c1f833ea40_0, 0, 4;
    %load/vec4 v000001c1f833f7b0_0;
    %dup/vec4;
    %pushi/vec4 0, 0, 4;
    %cmp/u;
    %jmp/1 T_3.0, 6;
    %dup/vec4;
    %pushi/vec4 1, 0, 4;
    %cmp/u;
    %jmp/1 T_3.1, 6;
    %dup/vec4;
    %pushi/vec4 2, 0, 4;
    %cmp/u;
    %jmp/1 T_3.2, 6;
    %dup/vec4;
    %pushi/vec4 3, 0, 4;
    %cmp/u;
    %jmp/1 T_3.3, 6;
    %dup/vec4;
    %pushi/vec4 4, 0, 4;
    %cmp/u;
    %jmp/1 T_3.4, 6;
    %dup/vec4;
    %pushi/vec4 5, 0, 4;
    %cmp/u;
    %jmp/1 T_3.5, 6;
    %dup/vec4;
    %pushi/vec4 6, 0, 4;
    %cmp/u;
    %jmp/1 T_3.6, 6;
    %dup/vec4;
    %pushi/vec4 8, 0, 4;
    %cmp/u;
    %jmp/1 T_3.7, 6;
    %dup/vec4;
    %pushi/vec4 7, 0, 4;
    %cmp/u;
    %jmp/1 T_3.8, 6;
    %jmp T_3.9;
T_3.0 ;
    %load/vec4 v000001c1f82e45f0_0;
    %flag_set/vec4 8;
    %jmp/0xz  T_3.10, 8;
    %pushi/vec4 7, 0, 4;
    %store/vec4 v000001c1f833ea40_0, 0, 4;
    %jmp T_3.11;
T_3.10 ;
    %load/vec4 v000001c1f82e4690_0;
    %pad/u 32;
    %cmpi/ne 0, 0, 32;
    %jmp/0xz  T_3.12, 4;
    %pushi/vec4 1, 0, 4;
    %store/vec4 v000001c1f833ea40_0, 0, 4;
T_3.12 ;
T_3.11 ;
    %jmp T_3.9;
T_3.1 ;
    %load/vec4 v000001c1f82e45f0_0;
    %flag_set/vec4 8;
    %jmp/0xz  T_3.14, 8;
    %pushi/vec4 7, 0, 4;
    %store/vec4 v000001c1f833ea40_0, 0, 4;
    %jmp T_3.15;
T_3.14 ;
    %load/vec4 v000001c1f82e4690_0;
    %load/vec4 v000001c1f82e4410_0;
    %part/u 1;
    %flag_set/vec4 8;
    %jmp/0xz  T_3.16, 8;
    %pushi/vec4 4, 0, 4;
    %store/vec4 v000001c1f833ea40_0, 0, 4;
    %jmp T_3.17;
T_3.16 ;
    %load/vec4 v000001c1f82e4730_0;
    %flag_set/vec4 8;
    %jmp/0xz  T_3.18, 8;
    %pushi/vec4 2, 0, 4;
    %store/vec4 v000001c1f833ea40_0, 0, 4;
    %jmp T_3.19;
T_3.18 ;
    %load/vec4 v000001c1f833e860_0;
    %flag_set/vec4 8;
    %jmp/0xz  T_3.20, 8;
    %pushi/vec4 3, 0, 4;
    %store/vec4 v000001c1f833ea40_0, 0, 4;
    %jmp T_3.21;
T_3.20 ;
    %pushi/vec4 0, 0, 4;
    %store/vec4 v000001c1f833ea40_0, 0, 4;
T_3.21 ;
T_3.19 ;
T_3.17 ;
T_3.15 ;
    %jmp T_3.9;
T_3.2 ;
    %load/vec4 v000001c1f82e45f0_0;
    %flag_set/vec4 8;
    %jmp/0xz  T_3.22, 8;
    %pushi/vec4 7, 0, 4;
    %store/vec4 v000001c1f833ea40_0, 0, 4;
    %jmp T_3.23;
T_3.22 ;
    %load/vec4 v000001c1f833f850_0;
    %flag_set/vec4 8;
    %jmp/0xz  T_3.24, 8;
    %pushi/vec4 8, 0, 4;
    %store/vec4 v000001c1f833ea40_0, 0, 4;
    %jmp T_3.25;
T_3.24 ;
    %load/vec4 v000001c1f82e4690_0;
    %load/vec4 v000001c1f82e4410_0;
    %part/u 1;
    %flag_set/vec4 8;
    %jmp/0xz  T_3.26, 8;
    %pushi/vec4 4, 0, 4;
    %store/vec4 v000001c1f833ea40_0, 0, 4;
T_3.26 ;
T_3.25 ;
T_3.23 ;
    %jmp T_3.9;
T_3.3 ;
    %load/vec4 v000001c1f82e45f0_0;
    %flag_set/vec4 8;
    %jmp/0xz  T_3.28, 8;
    %pushi/vec4 7, 0, 4;
    %store/vec4 v000001c1f833ea40_0, 0, 4;
    %jmp T_3.29;
T_3.28 ;
    %load/vec4 v000001c1f833f850_0;
    %flag_set/vec4 8;
    %jmp/0xz  T_3.30, 8;
    %pushi/vec4 8, 0, 4;
    %store/vec4 v000001c1f833ea40_0, 0, 4;
    %jmp T_3.31;
T_3.30 ;
    %load/vec4 v000001c1f82e4690_0;
    %load/vec4 v000001c1f82e4410_0;
    %part/u 1;
    %flag_set/vec4 8;
    %jmp/0xz  T_3.32, 8;
    %pushi/vec4 4, 0, 4;
    %store/vec4 v000001c1f833ea40_0, 0, 4;
T_3.32 ;
T_3.31 ;
T_3.29 ;
    %jmp T_3.9;
T_3.4 ;
    %pushi/vec4 5, 0, 4;
    %store/vec4 v000001c1f833ea40_0, 0, 4;
    %jmp T_3.9;
T_3.5 ;
    %load/vec4 v000001c1f82e44b0_0;
    %flag_set/vec4 8;
    %jmp/0xz  T_3.34, 8;
    %pushi/vec4 5, 0, 4;
    %store/vec4 v000001c1f833ea40_0, 0, 4;
    %jmp T_3.35;
T_3.34 ;
    %load/vec4 v000001c1f833ed10_0;
    %cmpi/u 50, 0, 8;
    %flag_inv 5; GE is !LT
    %jmp/0xz  T_3.36, 5;
    %pushi/vec4 6, 0, 4;
    %store/vec4 v000001c1f833ea40_0, 0, 4;
T_3.36 ;
T_3.35 ;
    %jmp T_3.9;
T_3.6 ;
    %load/vec4 v000001c1f833f850_0;
    %flag_set/vec4 8;
    %jmp/0xz  T_3.38, 8;
    %pushi/vec4 8, 0, 4;
    %store/vec4 v000001c1f833ea40_0, 0, 4;
    %jmp T_3.39;
T_3.38 ;
    %pushi/vec4 1, 0, 4;
    %store/vec4 v000001c1f833ea40_0, 0, 4;
T_3.39 ;
    %jmp T_3.9;
T_3.7 ;
    %load/vec4 v000001c1f833f850_0;
    %nor/r;
    %flag_set/vec4 8;
    %jmp/0xz  T_3.40, 8;
    %pushi/vec4 1, 0, 4;
    %store/vec4 v000001c1f833ea40_0, 0, 4;
T_3.40 ;
    %jmp T_3.9;
T_3.8 ;
    %load/vec4 v000001c1f82e45f0_0;
    %nor/r;
    %flag_set/vec4 8;
    %jmp/0xz  T_3.42, 8;
    %pushi/vec4 0, 0, 4;
    %store/vec4 v000001c1f833ea40_0, 0, 4;
T_3.42 ;
    %jmp T_3.9;
T_3.9 ;
    %pop/vec4 1;
    %jmp T_3;
    .thread T_3, $push;
# The file index is used to find the file name in the following table.
:file_names 3;
    "N/A";
    "<interactive>";
    "FSM_Controller.v";
