#! /c/Source/iverilog-install/bin/vvp
:ivl_version "12.0 (devel)" "(s20150603-1110-g18392a46)";
:ivl_delay_selection "TYPICAL";
:vpi_time_precision - 12;
:vpi_module "C:\iverilog\lib\ivl\system.vpi";
:vpi_module "C:\iverilog\lib\ivl\vhdl_sys.vpi";
:vpi_module "C:\iverilog\lib\ivl\vhdl_textio.vpi";
:vpi_module "C:\iverilog\lib\ivl\v2005_math.vpi";
:vpi_module "C:\iverilog\lib\ivl\va_math.vpi";
S_000001ca56d31110 .scope module, "fsm_controller_tb" "fsm_controller_tb" 2 4;
 .timescale -9 -12;
P_000001ca56cd9220 .param/l "FLOOR_WIDTH" 0 2 7, +C4<00000000000000000000000000000100>;
P_000001ca56cd9258 .param/l "NUM_FLOORS" 0 2 6, +C4<00000000000000000000000000001010>;
v000001ca56d95d70_0 .net "clear_current_request", 0 0, v000001ca56d182f0_0;  1 drivers
v000001ca56d964f0_0 .var "clk", 0 0;
v000001ca56d96270_0 .var "current_floor", 3 0;
v000001ca56d95cd0_0 .var "door_obstruction", 0 0;
v000001ca56d95af0_0 .net "door_open", 0 0, v000001ca56d1e640_0;  1 drivers
v000001ca56d95870_0 .var "emergency_stop", 0 0;
v000001ca56d961d0_0 .var "floor_requests", 9 0;
v000001ca56d957d0_0 .var "has_request_above", 0 0;
v000001ca56d95ff0_0 .var "has_request_below", 0 0;
v000001ca56d95910_0 .net "moving_down", 0 0, v000001ca56cf2e40_0;  1 drivers
v000001ca56d959b0_0 .net "moving_up", 0 0, v000001ca56cf2ee0_0;  1 drivers
v000001ca56d96310_0 .var "overweight", 0 0;
v000001ca56d955f0_0 .net "pwm_duty", 7 0, v000001ca56d96130_0;  1 drivers
v000001ca56d95730_0 .var "reset", 0 0;
S_000001ca56d312a0 .scope module, "dut" "fsm_controller" 2 23, 3 2 0, S_000001ca56d31110;
 .timescale -9 -12;
    .port_info 0 /INPUT 1 "clk";
    .port_info 1 /INPUT 1 "reset";
    .port_info 2 /INPUT 1 "emergency_stop";
    .port_info 3 /INPUT 1 "overweight";
    .port_info 4 /INPUT 1 "door_obstruction";
    .port_info 5 /INPUT 4 "current_floor";
    .port_info 6 /INPUT 10 "floor_requests";
    .port_info 7 /INPUT 1 "has_request_above";
    .port_info 8 /INPUT 1 "has_request_below";
    .port_info 9 /OUTPUT 1 "moving_up";
    .port_info 10 /OUTPUT 1 "moving_down";
    .port_info 11 /OUTPUT 1 "door_open";
    .port_info 12 /OUTPUT 1 "clear_current_request";
    .port_info 13 /OUTPUT 8 "pwm_duty";
P_000001ca56cf2af0 .param/l "CHECK_REQUEST" 1 3 28, C4<0001>;
P_000001ca56cf2b28 .param/l "CLOSE_DOOR" 1 3 33, C4<0110>;
P_000001ca56cf2b60 .param/l "DOOR_OPEN_TIME" 1 3 37, C4<00110010>;
P_000001ca56cf2b98 .param/l "DOOR_WAIT" 1 3 32, C4<0101>;
P_000001ca56cf2bd0 .param/l "EMERGENCY_STOP" 1 3 34, C4<0111>;
P_000001ca56cf2c08 .param/l "FLOOR_WIDTH" 0 3 4, +C4<00000000000000000000000000000100>;
P_000001ca56cf2c40 .param/l "IDLE" 1 3 27, C4<0000>;
P_000001ca56cf2c78 .param/l "MOVE_DOWN" 1 3 30, C4<0011>;
P_000001ca56cf2cb0 .param/l "MOVE_UP" 1 3 29, C4<0010>;
P_000001ca56cf2ce8 .param/l "NUM_FLOORS" 0 3 3, +C4<00000000000000000000000000001010>;
P_000001ca56cf2d20 .param/l "OPEN_DOOR" 1 3 31, C4<0100>;
P_000001ca56cf2d58 .param/l "WAIT_FOR_WEIGHT" 1 3 35, C4<1000>;
v000001ca56d182f0_0 .var "clear_current_request", 0 0;
v000001ca56d1e9d0_0 .net "clk", 0 0, v000001ca56d964f0_0;  1 drivers
v000001ca56cf3120_0 .net "current_floor", 3 0, v000001ca56d96270_0;  1 drivers
v000001ca56d24720_0 .net "door_obstruction", 0 0, v000001ca56d95cd0_0;  1 drivers
v000001ca56d1e640_0 .var "door_open", 0 0;
v000001ca56d1e6e0_0 .net "emergency_stop", 0 0, v000001ca56d95870_0;  1 drivers
v000001ca56d31430_0 .net "floor_requests", 9 0, v000001ca56d961d0_0;  1 drivers
v000001ca56d314d0_0 .net "has_request_above", 0 0, v000001ca56d957d0_0;  1 drivers
v000001ca56cf2da0_0 .net "has_request_below", 0 0, v000001ca56d95ff0_0;  1 drivers
v000001ca56cf2e40_0 .var "moving_down", 0 0;
v000001ca56cf2ee0_0 .var "moving_up", 0 0;
v000001ca56d95500_0 .var "next_state", 3 0;
v000001ca56d96450_0 .net "overweight", 0 0, v000001ca56d96310_0;  1 drivers
v000001ca56d96130_0 .var "pwm_duty", 7 0;
v000001ca56d95f50_0 .net "reset", 0 0, v000001ca56d95730_0;  1 drivers
v000001ca56d963b0_0 .var "state", 3 0;
v000001ca56d95690_0 .var "timer", 7 0;
E_000001ca56d22ae0/0 .event anyedge, v000001ca56d963b0_0, v000001ca56d1e6e0_0, v000001ca56d31430_0, v000001ca56cf3120_0;
E_000001ca56d22ae0/1 .event anyedge, v000001ca56d314d0_0, v000001ca56cf2da0_0, v000001ca56d96450_0, v000001ca56d24720_0;
E_000001ca56d22ae0/2 .event anyedge, v000001ca56d95690_0;
E_000001ca56d22ae0 .event/or E_000001ca56d22ae0/0, E_000001ca56d22ae0/1, E_000001ca56d22ae0/2;
E_000001ca56d22fe0 .event anyedge, v000001ca56d963b0_0;
E_000001ca56d226a0 .event posedge, v000001ca56d95f50_0, v000001ca56d1e9d0_0;
    .scope S_000001ca56d312a0;
T_0 ;
    %wait E_000001ca56d226a0;
    %load/vec4 v000001ca56d95f50_0;
    %flag_set/vec4 8;
    %jmp/0xz  T_0.0, 8;
    %pushi/vec4 0, 0, 4;
    %assign/vec4 v000001ca56d963b0_0, 0;
    %jmp T_0.1;
T_0.0 ;
    %load/vec4 v000001ca56d95500_0;
    %assign/vec4 v000001ca56d963b0_0, 0;
T_0.1 ;
    %jmp T_0;
    .thread T_0;
    .scope S_000001ca56d312a0;
T_1 ;
    %wait E_000001ca56d226a0;
    %load/vec4 v000001ca56d95f50_0;
    %flag_set/vec4 8;
    %jmp/0xz  T_1.0, 8;
    %pushi/vec4 0, 0, 8;
    %assign/vec4 v000001ca56d95690_0, 0;
    %jmp T_1.1;
T_1.0 ;
    %load/vec4 v000001ca56d963b0_0;
    %cmpi/e 5, 0, 4;
    %jmp/0xz  T_1.2, 4;
    %load/vec4 v000001ca56d95690_0;
    %addi 1, 0, 8;
    %assign/vec4 v000001ca56d95690_0, 0;
    %jmp T_1.3;
T_1.2 ;
    %pushi/vec4 0, 0, 8;
    %assign/vec4 v000001ca56d95690_0, 0;
T_1.3 ;
T_1.1 ;
    %jmp T_1;
    .thread T_1;
    .scope S_000001ca56d312a0;
T_2 ;
    %wait E_000001ca56d22fe0;
    %pushi/vec4 0, 0, 1;
    %store/vec4 v000001ca56cf2ee0_0, 0, 1;
    %pushi/vec4 0, 0, 1;
    %store/vec4 v000001ca56cf2e40_0, 0, 1;
    %pushi/vec4 0, 0, 1;
    %store/vec4 v000001ca56d1e640_0, 0, 1;
    %pushi/vec4 0, 0, 1;
    %store/vec4 v000001ca56d182f0_0, 0, 1;
    %pushi/vec4 0, 0, 8;
    %store/vec4 v000001ca56d96130_0, 0, 8;
    %load/vec4 v000001ca56d963b0_0;
    %dup/vec4;
    %pushi/vec4 2, 0, 4;
    %cmp/u;
    %jmp/1 T_2.0, 6;
    %dup/vec4;
    %pushi/vec4 3, 0, 4;
    %cmp/u;
    %jmp/1 T_2.1, 6;
    %dup/vec4;
    %pushi/vec4 4, 0, 4;
    %cmp/u;
    %jmp/1 T_2.2, 6;
    %dup/vec4;
    %pushi/vec4 5, 0, 4;
    %cmp/u;
    %jmp/1 T_2.3, 6;
    %dup/vec4;
    %pushi/vec4 7, 0, 4;
    %cmp/u;
    %jmp/1 T_2.4, 6;
    %jmp T_2.5;
T_2.0 ;
    %pushi/vec4 1, 0, 1;
    %store/vec4 v000001ca56cf2ee0_0, 0, 1;
    %pushi/vec4 180, 0, 8;
    %store/vec4 v000001ca56d96130_0, 0, 8;
    %jmp T_2.5;
T_2.1 ;
    %pushi/vec4 1, 0, 1;
    %store/vec4 v000001ca56cf2e40_0, 0, 1;
    %pushi/vec4 180, 0, 8;
    %store/vec4 v000001ca56d96130_0, 0, 8;
    %jmp T_2.5;
T_2.2 ;
    %pushi/vec4 1, 0, 1;
    %store/vec4 v000001ca56d1e640_0, 0, 1;
    %pushi/vec4 1, 0, 1;
    %store/vec4 v000001ca56d182f0_0, 0, 1;
    %jmp T_2.5;
T_2.3 ;
    %pushi/vec4 1, 0, 1;
    %store/vec4 v000001ca56d1e640_0, 0, 1;
    %jmp T_2.5;
T_2.4 ;
    %pushi/vec4 1, 0, 1;
    %store/vec4 v000001ca56d1e640_0, 0, 1;
    %jmp T_2.5;
T_2.5 ;
    %pop/vec4 1;
    %jmp T_2;
    .thread T_2, $push;
    .scope S_000001ca56d312a0;
T_3 ;
    %wait E_000001ca56d22ae0;
    %load/vec4 v000001ca56d963b0_0;
    %store/vec4 v000001ca56d95500_0, 0, 4;
    %load/vec4 v000001ca56d963b0_0;
    %dup/vec4;
    %pushi/vec4 0, 0, 4;
    %cmp/u;
    %jmp/1 T_3.0, 6;
    %dup/vec4;
    %pushi/vec4 1, 0, 4;
    %cmp/u;
    %jmp/1 T_3.1, 6;
    %dup/vec4;
    %pushi/vec4 2, 0, 4;
    %cmp/u;
    %jmp/1 T_3.2, 6;
    %dup/vec4;
    %pushi/vec4 3, 0, 4;
    %cmp/u;
    %jmp/1 T_3.3, 6;
    %dup/vec4;
    %pushi/vec4 4, 0, 4;
    %cmp/u;
    %jmp/1 T_3.4, 6;
    %dup/vec4;
    %pushi/vec4 5, 0, 4;
    %cmp/u;
    %jmp/1 T_3.5, 6;
    %dup/vec4;
    %pushi/vec4 6, 0, 4;
    %cmp/u;
    %jmp/1 T_3.6, 6;
    %dup/vec4;
    %pushi/vec4 8, 0, 4;
    %cmp/u;
    %jmp/1 T_3.7, 6;
    %dup/vec4;
    %pushi/vec4 7, 0, 4;
    %cmp/u;
    %jmp/1 T_3.8, 6;
    %jmp T_3.9;
T_3.0 ;
    %load/vec4 v000001ca56d1e6e0_0;
    %flag_set/vec4 8;
    %jmp/0xz  T_3.10, 8;
    %pushi/vec4 7, 0, 4;
    %store/vec4 v000001ca56d95500_0, 0, 4;
    %jmp T_3.11;
T_3.10 ;
    %load/vec4 v000001ca56d31430_0;
    %pad/u 32;
    %cmpi/ne 0, 0, 32;
    %jmp/0xz  T_3.12, 4;
    %pushi/vec4 1, 0, 4;
    %store/vec4 v000001ca56d95500_0, 0, 4;
T_3.12 ;
T_3.11 ;
    %jmp T_3.9;
T_3.1 ;
    %load/vec4 v000001ca56d1e6e0_0;
    %flag_set/vec4 8;
    %jmp/0xz  T_3.14, 8;
    %pushi/vec4 7, 0, 4;
    %store/vec4 v000001ca56d95500_0, 0, 4;
    %jmp T_3.15;
T_3.14 ;
    %load/vec4 v000001ca56d31430_0;
    %load/vec4 v000001ca56cf3120_0;
    %part/u 1;
    %flag_set/vec4 8;
    %jmp/0xz  T_3.16, 8;
    %pushi/vec4 4, 0, 4;
    %store/vec4 v000001ca56d95500_0, 0, 4;
    %jmp T_3.17;
T_3.16 ;
    %load/vec4 v000001ca56d314d0_0;
    %flag_set/vec4 8;
    %jmp/0xz  T_3.18, 8;
    %pushi/vec4 2, 0, 4;
    %store/vec4 v000001ca56d95500_0, 0, 4;
    %jmp T_3.19;
T_3.18 ;
    %load/vec4 v000001ca56cf2da0_0;
    %flag_set/vec4 8;
    %jmp/0xz  T_3.20, 8;
    %pushi/vec4 3, 0, 4;
    %store/vec4 v000001ca56d95500_0, 0, 4;
    %jmp T_3.21;
T_3.20 ;
    %pushi/vec4 0, 0, 4;
    %store/vec4 v000001ca56d95500_0, 0, 4;
T_3.21 ;
T_3.19 ;
T_3.17 ;
T_3.15 ;
    %jmp T_3.9;
T_3.2 ;
    %load/vec4 v000001ca56d1e6e0_0;
    %flag_set/vec4 8;
    %jmp/0xz  T_3.22, 8;
    %pushi/vec4 7, 0, 4;
    %store/vec4 v000001ca56d95500_0, 0, 4;
    %jmp T_3.23;
T_3.22 ;
    %load/vec4 v000001ca56d96450_0;
    %flag_set/vec4 8;
    %jmp/0xz  T_3.24, 8;
    %pushi/vec4 8, 0, 4;
    %store/vec4 v000001ca56d95500_0, 0, 4;
    %jmp T_3.25;
T_3.24 ;
    %load/vec4 v000001ca56d31430_0;
    %load/vec4 v000001ca56cf3120_0;
    %part/u 1;
    %flag_set/vec4 8;
    %jmp/0xz  T_3.26, 8;
    %pushi/vec4 4, 0, 4;
    %store/vec4 v000001ca56d95500_0, 0, 4;
T_3.26 ;
T_3.25 ;
T_3.23 ;
    %jmp T_3.9;
T_3.3 ;
    %load/vec4 v000001ca56d1e6e0_0;
    %flag_set/vec4 8;
    %jmp/0xz  T_3.28, 8;
    %pushi/vec4 7, 0, 4;
    %store/vec4 v000001ca56d95500_0, 0, 4;
    %jmp T_3.29;
T_3.28 ;
    %load/vec4 v000001ca56d96450_0;
    %flag_set/vec4 8;
    %jmp/0xz  T_3.30, 8;
    %pushi/vec4 8, 0, 4;
    %store/vec4 v000001ca56d95500_0, 0, 4;
    %jmp T_3.31;
T_3.30 ;
    %load/vec4 v000001ca56d31430_0;
    %load/vec4 v000001ca56cf3120_0;
    %part/u 1;
    %flag_set/vec4 8;
    %jmp/0xz  T_3.32, 8;
    %pushi/vec4 4, 0, 4;
    %store/vec4 v000001ca56d95500_0, 0, 4;
T_3.32 ;
T_3.31 ;
T_3.29 ;
    %jmp T_3.9;
T_3.4 ;
    %pushi/vec4 5, 0, 4;
    %store/vec4 v000001ca56d95500_0, 0, 4;
    %jmp T_3.9;
T_3.5 ;
    %load/vec4 v000001ca56d24720_0;
    %flag_set/vec4 8;
    %jmp/0xz  T_3.34, 8;
    %pushi/vec4 5, 0, 4;
    %store/vec4 v000001ca56d95500_0, 0, 4;
    %jmp T_3.35;
T_3.34 ;
    %load/vec4 v000001ca56d95690_0;
    %cmpi/u 50, 0, 8;
    %flag_inv 5; GE is !LT
    %jmp/0xz  T_3.36, 5;
    %pushi/vec4 6, 0, 4;
    %store/vec4 v000001ca56d95500_0, 0, 4;
T_3.36 ;
T_3.35 ;
    %jmp T_3.9;
T_3.6 ;
    %load/vec4 v000001ca56d96450_0;
    %flag_set/vec4 8;
    %jmp/0xz  T_3.38, 8;
    %pushi/vec4 8, 0, 4;
    %store/vec4 v000001ca56d95500_0, 0, 4;
    %jmp T_3.39;
T_3.38 ;
    %pushi/vec4 1, 0, 4;
    %store/vec4 v000001ca56d95500_0, 0, 4;
T_3.39 ;
    %jmp T_3.9;
T_3.7 ;
    %load/vec4 v000001ca56d96450_0;
    %nor/r;
    %flag_set/vec4 8;
    %jmp/0xz  T_3.40, 8;
    %pushi/vec4 1, 0, 4;
    %store/vec4 v000001ca56d95500_0, 0, 4;
T_3.40 ;
    %jmp T_3.9;
T_3.8 ;
    %load/vec4 v000001ca56d1e6e0_0;
    %nor/r;
    %flag_set/vec4 8;
    %jmp/0xz  T_3.42, 8;
    %pushi/vec4 0, 0, 4;
    %store/vec4 v000001ca56d95500_0, 0, 4;
T_3.42 ;
    %jmp T_3.9;
T_3.9 ;
    %pop/vec4 1;
    %jmp T_3;
    .thread T_3, $push;
    .scope S_000001ca56d31110;
T_4 ;
    %pushi/vec4 0, 0, 1;
    %store/vec4 v000001ca56d964f0_0, 0, 1;
    %end;
    .thread T_4;
    .scope S_000001ca56d31110;
T_5 ;
    %delay 5000, 0;
    %load/vec4 v000001ca56d964f0_0;
    %inv;
    %store/vec4 v000001ca56d964f0_0, 0, 1;
    %jmp T_5;
    .thread T_5;
    .scope S_000001ca56d31110;
T_6 ;
    %vpi_call 2 46 "$display", "Time\011Floor\011Requests\011Up\011Down\011Door\011Clear\011PWM" {0 0 0};
    %vpi_call 2 47 "$monitor", "%0t\011%d\011%b\011%b\011%b\011%b\011%b\011%d", $time, v000001ca56d96270_0, v000001ca56d961d0_0, v000001ca56d959b0_0, v000001ca56d95910_0, v000001ca56d95af0_0, v000001ca56d95d70_0, v000001ca56d955f0_0 {0 0 0};
    %end;
    .thread T_6;
    .scope S_000001ca56d31110;
T_7 ;
    %vpi_call 2 53 "$dumpfile", "fsm_controller.vcd" {0 0 0};
    %vpi_call 2 54 "$dumpvars", 32'sb00000000000000000000000000000000, S_000001ca56d31110 {0 0 0};
    %end;
    .thread T_7;
    .scope S_000001ca56d31110;
T_8 ;
    %pushi/vec4 1, 0, 1;
    %store/vec4 v000001ca56d95730_0, 0, 1;
    %pushi/vec4 0, 0, 1;
    %store/vec4 v000001ca56d95870_0, 0, 1;
    %pushi/vec4 0, 0, 1;
    %store/vec4 v000001ca56d96310_0, 0, 1;
    %pushi/vec4 0, 0, 1;
    %store/vec4 v000001ca56d95cd0_0, 0, 1;
    %pushi/vec4 0, 0, 4;
    %store/vec4 v000001ca56d96270_0, 0, 4;
    %pushi/vec4 0, 0, 10;
    %store/vec4 v000001ca56d961d0_0, 0, 10;
    %pushi/vec4 0, 0, 1;
    %store/vec4 v000001ca56d957d0_0, 0, 1;
    %pushi/vec4 0, 0, 1;
    %store/vec4 v000001ca56d95ff0_0, 0, 1;
    %delay 20000, 0;
    %pushi/vec4 0, 0, 1;
    %store/vec4 v000001ca56d95730_0, 0, 1;
    %pushi/vec4 1, 0, 1;
    %ix/load 4, 3, 0;
    %flag_set/imm 4, 0;
    %store/vec4 v000001ca56d961d0_0, 4, 1;
    %pushi/vec4 1, 0, 1;
    %store/vec4 v000001ca56d957d0_0, 0, 1;
    %delay 100000, 0;
    %pushi/vec4 1, 0, 4;
    %store/vec4 v000001ca56d96270_0, 0, 4;
    %delay 100000, 0;
    %pushi/vec4 2, 0, 4;
    %store/vec4 v000001ca56d96270_0, 0, 4;
    %delay 100000, 0;
    %pushi/vec4 3, 0, 4;
    %store/vec4 v000001ca56d96270_0, 0, 4;
    %delay 600000, 0;
    %pushi/vec4 0, 0, 10;
    %store/vec4 v000001ca56d961d0_0, 0, 10;
    %pushi/vec4 1, 0, 1;
    %ix/load 4, 1, 0;
    %flag_set/imm 4, 0;
    %store/vec4 v000001ca56d961d0_0, 4, 1;
    %pushi/vec4 0, 0, 1;
    %store/vec4 v000001ca56d957d0_0, 0, 1;
    %pushi/vec4 1, 0, 1;
    %store/vec4 v000001ca56d95ff0_0, 0, 1;
    %delay 100000, 0;
    %pushi/vec4 2, 0, 4;
    %store/vec4 v000001ca56d96270_0, 0, 4;
    %delay 100000, 0;
    %pushi/vec4 1, 0, 4;
    %store/vec4 v000001ca56d96270_0, 0, 4;
    %delay 600000, 0;
    %pushi/vec4 0, 0, 10;
    %store/vec4 v000001ca56d961d0_0, 0, 10;
    %pushi/vec4 1, 0, 1;
    %ix/load 4, 1, 0;
    %flag_set/imm 4, 0;
    %store/vec4 v000001ca56d961d0_0, 4, 1;
    %delay 20000, 0;
    %pushi/vec4 1, 0, 4;
    %store/vec4 v000001ca56d96270_0, 0, 4;
    %delay 20000, 0;
    %pushi/vec4 1, 0, 1;
    %store/vec4 v000001ca56d95cd0_0, 0, 1;
    %delay 100000, 0;
    %pushi/vec4 0, 0, 1;
    %store/vec4 v000001ca56d95cd0_0, 0, 1;
    %delay 600000, 0;
    %pushi/vec4 0, 0, 10;
    %store/vec4 v000001ca56d961d0_0, 0, 10;
    %pushi/vec4 1, 0, 1;
    %ix/load 4, 5, 0;
    %flag_set/imm 4, 0;
    %store/vec4 v000001ca56d961d0_0, 4, 1;
    %pushi/vec4 1, 0, 1;
    %store/vec4 v000001ca56d957d0_0, 0, 1;
    %pushi/vec4 0, 0, 1;
    %store/vec4 v000001ca56d95ff0_0, 0, 1;
    %delay 100000, 0;
    %pushi/vec4 3, 0, 4;
    %store/vec4 v000001ca56d96270_0, 0, 4;
    %delay 100000, 0;
    %pushi/vec4 4, 0, 4;
    %store/vec4 v000001ca56d96270_0, 0, 4;
    %delay 100000, 0;
    %pushi/vec4 5, 0, 4;
    %store/vec4 v000001ca56d96270_0, 0, 4;
    %delay 10000, 0;
    %pushi/vec4 1, 0, 1;
    %store/vec4 v000001ca56d96310_0, 0, 1;
    %delay 200000, 0;
    %pushi/vec4 0, 0, 1;
    %store/vec4 v000001ca56d96310_0, 0, 1;
    %delay 400000, 0;
    %pushi/vec4 0, 0, 10;
    %store/vec4 v000001ca56d961d0_0, 0, 10;
    %pushi/vec4 1, 0, 1;
    %ix/load 4, 8, 0;
    %flag_set/imm 4, 0;
    %store/vec4 v000001ca56d961d0_0, 4, 1;
    %pushi/vec4 1, 0, 1;
    %store/vec4 v000001ca56d957d0_0, 0, 1;
    %delay 100000, 0;
    %pushi/vec4 6, 0, 4;
    %store/vec4 v000001ca56d96270_0, 0, 4;
    %delay 20000, 0;
    %pushi/vec4 1, 0, 1;
    %store/vec4 v000001ca56d95870_0, 0, 1;
    %delay 100000, 0;
    %pushi/vec4 0, 0, 1;
    %store/vec4 v000001ca56d95870_0, 0, 1;
    %delay 100000, 0;
    %pushi/vec4 7, 0, 4;
    %store/vec4 v000001ca56d96270_0, 0, 4;
    %delay 100000, 0;
    %pushi/vec4 8, 0, 4;
    %store/vec4 v000001ca56d96270_0, 0, 4;
    %delay 600000, 0;
    %pushi/vec4 0, 0, 10;
    %store/vec4 v000001ca56d961d0_0, 0, 10;
    %pushi/vec4 0, 0, 1;
    %store/vec4 v000001ca56d957d0_0, 0, 1;
    %pushi/vec4 0, 0, 1;
    %store/vec4 v000001ca56d95ff0_0, 0, 1;
    %delay 200000, 0;
    %vpi_call 2 127 "$finish" {0 0 0};
    %end;
    .thread T_8;
# The file index is used to find the file name in the following table.
:file_names 4;
    "N/A";
    "<interactive>";
    "FSMControllerTB.v";
    "./FSM_Controller.v";
