#! /c/Source/iverilog-install/bin/vvp
:ivl_version "12.0 (devel)" "(s20150603-1110-g18392a46)";
:ivl_delay_selection "TYPICAL";
:vpi_time_precision - 12;
:vpi_module "C:\iverilog\lib\ivl\system.vpi";
:vpi_module "C:\iverilog\lib\ivl\vhdl_sys.vpi";
:vpi_module "C:\iverilog\lib\ivl\vhdl_textio.vpi";
:vpi_module "C:\iverilog\lib\ivl\v2005_math.vpi";
:vpi_module "C:\iverilog\lib\ivl\va_math.vpi";
S_000002c46e90a970 .scope module, "pwm_generator_tb" "pwm_generator_tb" 2 4;
 .timescale -9 -12;
v000002c46e90bb80_0 .var "clk", 0 0;
v000002c46e90bc20_0 .var "duty_cycle", 7 0;
v000002c46e90d200_0 .net "pwm_out", 0 0, v000002c46e90ab00_0;  1 drivers
v000002c46e90d2a0_0 .var "reset", 0 0;
S_000002c46e90d070 .scope module, "uut" "pwm_generator" 2 15, 3 1 0, S_000002c46e90a970;
 .timescale -9 -12;
    .port_info 0 /INPUT 1 "clk";
    .port_info 1 /INPUT 1 "reset";
    .port_info 2 /INPUT 8 "duty_cycle";
    .port_info 3 /OUTPUT 1 "pwm_out";
v000002c46e9231c0_0 .net "clk", 0 0, v000002c46e90bb80_0;  1 drivers
v000002c46e9233e0_0 .var "counter", 7 0;
v000002c46e922ef0_0 .net "duty_cycle", 7 0, v000002c46e90bc20_0;  1 drivers
v000002c46e90ab00_0 .var "pwm_out", 0 0;
v000002c46e90aba0_0 .net "reset", 0 0, v000002c46e90d2a0_0;  1 drivers
E_000002c46e959570 .event posedge, v000002c46e90aba0_0, v000002c46e9231c0_0;
    .scope S_000002c46e90d070;
T_0 ;
    %wait E_000002c46e959570;
    %load/vec4 v000002c46e90aba0_0;
    %flag_set/vec4 8;
    %jmp/0xz  T_0.0, 8;
    %pushi/vec4 0, 0, 8;
    %assign/vec4 v000002c46e9233e0_0, 0;
    %jmp T_0.1;
T_0.0 ;
    %load/vec4 v000002c46e9233e0_0;
    %addi 1, 0, 8;
    %assign/vec4 v000002c46e9233e0_0, 0;
T_0.1 ;
    %jmp T_0;
    .thread T_0;
    .scope S_000002c46e90d070;
T_1 ;
    %wait E_000002c46e959570;
    %load/vec4 v000002c46e90aba0_0;
    %flag_set/vec4 8;
    %jmp/0xz  T_1.0, 8;
    %pushi/vec4 0, 0, 1;
    %assign/vec4 v000002c46e90ab00_0, 0;
    %jmp T_1.1;
T_1.0 ;
    %load/vec4 v000002c46e9233e0_0;
    %load/vec4 v000002c46e922ef0_0;
    %cmp/u;
    %flag_get/vec4 5;
    %assign/vec4 v000002c46e90ab00_0, 0;
T_1.1 ;
    %jmp T_1;
    .thread T_1;
    .scope S_000002c46e90a970;
T_2 ;
    %pushi/vec4 0, 0, 1;
    %store/vec4 v000002c46e90bb80_0, 0, 1;
    %end;
    .thread T_2;
    .scope S_000002c46e90a970;
T_3 ;
    %delay 5000, 0;
    %load/vec4 v000002c46e90bb80_0;
    %inv;
    %store/vec4 v000002c46e90bb80_0, 0, 1;
    %jmp T_3;
    .thread T_3;
    .scope S_000002c46e90a970;
T_4 ;
    %vpi_call 2 28 "$display", "Time\011Reset\011DutyCycle\011PWM" {0 0 0};
    %vpi_call 2 29 "$monitor", "%0t\011%b\011%d\011\011%b", $time, v000002c46e90d2a0_0, v000002c46e90bc20_0, v000002c46e90d200_0 {0 0 0};
    %end;
    .thread T_4;
    .scope S_000002c46e90a970;
T_5 ;
    %vpi_call 2 34 "$dumpfile", "pwm_generator.vcd" {0 0 0};
    %vpi_call 2 35 "$dumpvars", 32'sb00000000000000000000000000000000, S_000002c46e90a970 {0 0 0};
    %end;
    .thread T_5;
    .scope S_000002c46e90a970;
T_6 ;
    %pushi/vec4 1, 0, 1;
    %store/vec4 v000002c46e90d2a0_0, 0, 1;
    %pushi/vec4 0, 0, 8;
    %store/vec4 v000002c46e90bc20_0, 0, 8;
    %delay 20000, 0;
    %pushi/vec4 0, 0, 1;
    %store/vec4 v000002c46e90d2a0_0, 0, 1;
    %pushi/vec4 64, 0, 8;
    %store/vec4 v000002c46e90bc20_0, 0, 8;
    %delay 2560000, 0;
    %pushi/vec4 128, 0, 8;
    %store/vec4 v000002c46e90bc20_0, 0, 8;
    %delay 2560000, 0;
    %pushi/vec4 192, 0, 8;
    %store/vec4 v000002c46e90bc20_0, 0, 8;
    %delay 2560000, 0;
    %pushi/vec4 0, 0, 8;
    %store/vec4 v000002c46e90bc20_0, 0, 8;
    %delay 2560000, 0;
    %pushi/vec4 255, 0, 8;
    %store/vec4 v000002c46e90bc20_0, 0, 8;
    %delay 2560000, 0;
    %vpi_call 2 64 "$finish" {0 0 0};
    %end;
    .thread T_6;
# The file index is used to find the file name in the following table.
:file_names 4;
    "N/A";
    "<interactive>";
    "PWMGENTB.v";
    "./PwmGenerator.v";
