#! /c/Source/iverilog-install/bin/vvp
:ivl_version "12.0 (devel)" "(s20150603-1110-g18392a46)";
:ivl_delay_selection "TYPICAL";
:vpi_time_precision + 0;
:vpi_module "C:\iverilog\lib\ivl\system.vpi";
:vpi_module "C:\iverilog\lib\ivl\vhdl_sys.vpi";
:vpi_module "C:\iverilog\lib\ivl\vhdl_textio.vpi";
:vpi_module "C:\iverilog\lib\ivl\v2005_math.vpi";
:vpi_module "C:\iverilog\lib\ivl\va_math.vpi";
S_00000226b9a52a90 .scope module, "pwm_generator" "pwm_generator" 2 1;
 .timescale 0 0;
    .port_info 0 /INPUT 1 "clk";
    .port_info 1 /INPUT 1 "reset";
    .port_info 2 /INPUT 8 "duty_cycle";
    .port_info 3 /OUTPUT 1 "pwm_out";
o00000226b9a86fa8 .functor BUFZ 1, C4<z>; HiZ drive
v00000226b9a3e460_0 .net "clk", 0 0, o00000226b9a86fa8;  0 drivers
v00000226b9a53160_0 .var "counter", 7 0;
o00000226b9a87008 .functor BUFZ 8, C4<zzzzzzzz>; HiZ drive
v00000226b9a3eec0_0 .net "duty_cycle", 7 0, o00000226b9a87008;  0 drivers
v00000226b9a52c20_0 .var "pwm_out", 0 0;
o00000226b9a87068 .functor BUFZ 1, C4<z>; HiZ drive
v00000226b9a52cc0_0 .net "reset", 0 0, o00000226b9a87068;  0 drivers
E_00000226b9a3c3b0 .event posedge, v00000226b9a52cc0_0, v00000226b9a3e460_0;
    .scope S_00000226b9a52a90;
T_0 ;
    %wait E_00000226b9a3c3b0;
    %load/vec4 v00000226b9a52cc0_0;
    %flag_set/vec4 8;
    %jmp/0xz  T_0.0, 8;
    %pushi/vec4 0, 0, 8;
    %assign/vec4 v00000226b9a53160_0, 0;
    %jmp T_0.1;
T_0.0 ;
    %load/vec4 v00000226b9a53160_0;
    %addi 1, 0, 8;
    %assign/vec4 v00000226b9a53160_0, 0;
T_0.1 ;
    %jmp T_0;
    .thread T_0;
    .scope S_00000226b9a52a90;
T_1 ;
    %wait E_00000226b9a3c3b0;
    %load/vec4 v00000226b9a52cc0_0;
    %flag_set/vec4 8;
    %jmp/0xz  T_1.0, 8;
    %pushi/vec4 0, 0, 1;
    %assign/vec4 v00000226b9a52c20_0, 0;
    %jmp T_1.1;
T_1.0 ;
    %load/vec4 v00000226b9a53160_0;
    %load/vec4 v00000226b9a3eec0_0;
    %cmp/u;
    %flag_get/vec4 5;
    %assign/vec4 v00000226b9a52c20_0, 0;
T_1.1 ;
    %jmp T_1;
    .thread T_1;
# The file index is used to find the file name in the following table.
:file_names 3;
    "N/A";
    "<interactive>";
    "PwmGenerator.v";
