#! /c/Source/iverilog-install/bin/vvp
:ivl_version "12.0 (devel)" "(s20150603-1110-g18392a46)";
:ivl_delay_selection "TYPICAL";
:vpi_time_precision + 0;
:vpi_module "C:\iverilog\lib\ivl\system.vpi";
:vpi_module "C:\iverilog\lib\ivl\vhdl_sys.vpi";
:vpi_module "C:\iverilog\lib\ivl\vhdl_textio.vpi";
:vpi_module "C:\iverilog\lib\ivl\v2005_math.vpi";
:vpi_module "C:\iverilog\lib\ivl\va_math.vpi";
S_0000018ac760edb0 .scope module, "request_handler" "request_handler" 2 1;
 .timescale 0 0;
    .port_info 0 /INPUT 1 "clk";
    .port_info 1 /INPUT 1 "reset";
    .port_info 2 /INPUT 10 "new_requests";
    .port_info 3 /INPUT 4 "current_floor";
    .port_info 4 /INPUT 1 "clear_current_request";
    .port_info 5 /OUTPUT 10 "floor_requests";
P_0000018ac7483240 .param/l "FLOOR_WIDTH" 0 2 3, +C4<00000000000000000000000000000100>;
P_0000018ac7483278 .param/l "NUM_FLOORS" 0 2 2, +C4<00000000000000000000000000001010>;
o0000018ac74b6fb8 .functor BUFZ 1, C4<z>; HiZ drive
v0000018ac74830c0_0 .net "clear_current_request", 0 0, o0000018ac74b6fb8;  0 drivers
o0000018ac74b6fe8 .functor BUFZ 1, C4<z>; HiZ drive
v0000018ac7482e90_0 .net "clk", 0 0, o0000018ac74b6fe8;  0 drivers
o0000018ac74b7018 .functor BUFZ 4, C4<zzzz>; HiZ drive
v0000018ac74fb820_0 .net "current_floor", 3 0, o0000018ac74b7018;  0 drivers
v0000018ac74fb8c0_0 .var "floor_requests", 9 0;
o0000018ac74b7078 .functor BUFZ 10, C4<zzzzzzzzzz>; HiZ drive
v0000018ac74fb960_0 .net "new_requests", 9 0, o0000018ac74b7078;  0 drivers
o0000018ac74b70a8 .functor BUFZ 1, C4<z>; HiZ drive
v0000018ac74fba00_0 .net "reset", 0 0, o0000018ac74b70a8;  0 drivers
E_0000018ac74b64b0 .event posedge, v0000018ac74fba00_0, v0000018ac7482e90_0;
    .scope S_0000018ac760edb0;
T_0 ;
    %wait E_0000018ac74b64b0;
    %load/vec4 v0000018ac74fba00_0;
    %flag_set/vec4 8;
    %jmp/0xz  T_0.0, 8;
    %pushi/vec4 0, 0, 10;
    %assign/vec4 v0000018ac74fb8c0_0, 0;
    %jmp T_0.1;
T_0.0 ;
    %load/vec4 v0000018ac74fb8c0_0;
    %load/vec4 v0000018ac74fb960_0;
    %or;
    %assign/vec4 v0000018ac74fb8c0_0, 0;
    %load/vec4 v0000018ac74830c0_0;
    %flag_set/vec4 8;
    %jmp/0xz  T_0.2, 8;
    %pushi/vec4 0, 0, 1;
    %ix/load 5, 0, 0;
    %ix/getv 4, v0000018ac74fb820_0;
    %assign/vec4/off/d v0000018ac74fb8c0_0, 4, 5;
T_0.2 ;
T_0.1 ;
    %jmp T_0;
    .thread T_0;
# The file index is used to find the file name in the following table.
:file_names 3;
    "N/A";
    "<interactive>";
    "requestHandler.v";
