#! /c/Source/iverilog-install/bin/vvp
:ivl_version "12.0 (devel)" "(s20150603-1110-g18392a46)";
:ivl_delay_selection "TYPICAL";
:vpi_time_precision - 12;
:vpi_module "C:\iverilog\lib\ivl\system.vpi";
:vpi_module "C:\iverilog\lib\ivl\vhdl_sys.vpi";
:vpi_module "C:\iverilog\lib\ivl\vhdl_textio.vpi";
:vpi_module "C:\iverilog\lib\ivl\v2005_math.vpi";
:vpi_module "C:\iverilog\lib\ivl\va_math.vpi";
S_000002031bf39f70 .scope module, "request_handler_tb" "request_handler_tb" 2 4;
 .timescale -9 -12;
P_000002031bf532a0 .param/l "FLOOR_WIDTH" 0 2 7, +C4<00000000000000000000000000000100>;
P_000002031bf532d8 .param/l "NUM_FLOORS" 0 2 6, +C4<00000000000000000000000000001010>;
v000002031bf3d350_0 .var "clear_current_request", 0 0;
v000002031bf3b690_0 .var "clk", 0 0;
v000002031bf3b730_0 .var "current_floor", 3 0;
v000002031bf3b7d0_0 .net "floor_requests", 9 0, v000002031bf3d170_0;  1 drivers
v000002031bf3b870_0 .var "new_requests", 9 0;
v000002031bf3b910_0 .var "reset", 0 0;
S_000002031bf3cf40 .scope module, "dut" "request_handler" 2 20, 3 1 0, S_000002031bf39f70;
 .timescale -9 -12;
    .port_info 0 /INPUT 1 "clk";
    .port_info 1 /INPUT 1 "reset";
    .port_info 2 /INPUT 10 "new_requests";
    .port_info 3 /INPUT 4 "current_floor";
    .port_info 4 /INPUT 1 "clear_current_request";
    .port_info 5 /OUTPUT 10 "floor_requests";
P_000002031bf53120 .param/l "FLOOR_WIDTH" 0 3 3, +C4<00000000000000000000000000000100>;
P_000002031bf53158 .param/l "NUM_FLOORS" 0 3 2, +C4<00000000000000000000000000001010>;
v000002031bf3a100_0 .net "clear_current_request", 0 0, v000002031bf3d350_0;  1 drivers
v000002031bf52ef0_0 .net "clk", 0 0, v000002031bf3b690_0;  1 drivers
v000002031bf3d0d0_0 .net "current_floor", 3 0, v000002031bf3b730_0;  1 drivers
v000002031bf3d170_0 .var "floor_requests", 9 0;
v000002031bf3d210_0 .net "new_requests", 9 0, v000002031bf3b870_0;  1 drivers
v000002031bf3d2b0_0 .net "reset", 0 0, v000002031bf3b910_0;  1 drivers
E_000002031bf38ad0 .event posedge, v000002031bf3d2b0_0, v000002031bf52ef0_0;
    .scope S_000002031bf3cf40;
T_0 ;
    %wait E_000002031bf38ad0;
    %load/vec4 v000002031bf3d2b0_0;
    %flag_set/vec4 8;
    %jmp/0xz  T_0.0, 8;
    %pushi/vec4 0, 0, 10;
    %assign/vec4 v000002031bf3d170_0, 0;
    %jmp T_0.1;
T_0.0 ;
    %load/vec4 v000002031bf3d170_0;
    %load/vec4 v000002031bf3d210_0;
    %or;
    %assign/vec4 v000002031bf3d170_0, 0;
    %load/vec4 v000002031bf3a100_0;
    %flag_set/vec4 8;
    %jmp/0xz  T_0.2, 8;
    %pushi/vec4 0, 0, 1;
    %ix/load 5, 0, 0;
    %ix/getv 4, v000002031bf3d0d0_0;
    %assign/vec4/off/d v000002031bf3d170_0, 4, 5;
T_0.2 ;
T_0.1 ;
    %jmp T_0;
    .thread T_0;
    .scope S_000002031bf39f70;
T_1 ;
    %pushi/vec4 0, 0, 1;
    %store/vec4 v000002031bf3b690_0, 0, 1;
    %end;
    .thread T_1;
    .scope S_000002031bf39f70;
T_2 ;
    %delay 5000, 0;
    %load/vec4 v000002031bf3b690_0;
    %inv;
    %store/vec4 v000002031bf3b690_0, 0, 1;
    %jmp T_2;
    .thread T_2;
    .scope S_000002031bf39f70;
T_3 ;
    %vpi_call 2 35 "$display", "Time\011Reset\011NewReq\011CurrentFloor\011Clear\011FloorRequests" {0 0 0};
    %vpi_call 2 36 "$monitor", "%0t\011%b\011%b\011%d\011\011%b\011%b", $time, v000002031bf3b910_0, v000002031bf3b870_0, v000002031bf3b730_0, v000002031bf3d350_0, v000002031bf3b7d0_0 {0 0 0};
    %end;
    .thread T_3;
    .scope S_000002031bf39f70;
T_4 ;
    %vpi_call 2 42 "$dumpfile", "request_handler.vcd" {0 0 0};
    %vpi_call 2 43 "$dumpvars", 32'sb00000000000000000000000000000000, S_000002031bf39f70 {0 0 0};
    %end;
    .thread T_4;
    .scope S_000002031bf39f70;
T_5 ;
    %pushi/vec4 1, 0, 1;
    %store/vec4 v000002031bf3b910_0, 0, 1;
    %pushi/vec4 0, 0, 10;
    %store/vec4 v000002031bf3b870_0, 0, 10;
    %pushi/vec4 0, 0, 4;
    %store/vec4 v000002031bf3b730_0, 0, 4;
    %pushi/vec4 0, 0, 1;
    %store/vec4 v000002031bf3d350_0, 0, 1;
    %delay 20000, 0;
    %pushi/vec4 0, 0, 1;
    %store/vec4 v000002031bf3b910_0, 0, 1;
    %pushi/vec4 1, 0, 4;
    %store/vec4 v000002031bf3b730_0, 0, 4;
    %pushi/vec4 612, 0, 10;
    %store/vec4 v000002031bf3b870_0, 0, 10;
    %delay 10000, 0;
    %pushi/vec4 0, 0, 10;
    %store/vec4 v000002031bf3b870_0, 0, 10;
    %delay 20000, 0;
    %pushi/vec4 2, 0, 4;
    %store/vec4 v000002031bf3b730_0, 0, 4;
    %delay 50000, 0;
    %pushi/vec4 4, 0, 4;
    %store/vec4 v000002031bf3b730_0, 0, 4;
    %delay 50000, 0;
    %pushi/vec4 5, 0, 4;
    %store/vec4 v000002031bf3b730_0, 0, 4;
    %delay 50000, 0;
    %pushi/vec4 9, 0, 4;
    %store/vec4 v000002031bf3b730_0, 0, 4;
    %pushi/vec4 1, 0, 1;
    %store/vec4 v000002031bf3d350_0, 0, 1;
    %delay 10000, 0;
    %pushi/vec4 0, 0, 1;
    %store/vec4 v000002031bf3d350_0, 0, 1;
    %delay 50000, 0;
    %vpi_call 2 76 "$finish" {0 0 0};
    %end;
    .thread T_5;
# The file index is used to find the file name in the following table.
:file_names 4;
    "N/A";
    "<interactive>";
    "requestHandlerTB.v";
    "./RequestHandler.v";
